[ 2017-03-16T14:23:44+08:00 ] 0.0.0.0 /yemao/
INFO: [ app_begin ] --START--
INFO: ReadHtmlCache Behavior ::run [ RunTime:0.003348s ]
INFO: [ app_begin ] --END-- [ RunTime:0.006246s ]
INFO: [ view_parse ] --START--
NOTIC: [8192] preg_replace(): The /e modifier is deprecated, use preg_replace_callback instead /Applications/MAMP/htdocs/yemao/ThinkPHP/Lib/Template/ThinkTemplate.class.php 第 273 行.
NOTIC: [8192] preg_replace(): The /e modifier is deprecated, use preg_replace_callback instead /Applications/MAMP/htdocs/yemao/ThinkPHP/Lib/Template/ThinkTemplate.class.php 第 168 行.
NOTIC: [8192] preg_replace(): The /e modifier is deprecated, use preg_replace_callback instead /Applications/MAMP/htdocs/yemao/ThinkPHP/Lib/Template/ThinkTemplate.class.php 第 404 行.
NOTIC: [8192] preg_replace(): The /e modifier is deprecated, use preg_replace_callback instead /Applications/MAMP/htdocs/yemao/ThinkPHP/Lib/Template/ThinkTemplate.class.php 第 404 行.
NOTIC: [8192] preg_replace(): The /e modifier is deprecated, use preg_replace_callback instead /Applications/MAMP/htdocs/yemao/ThinkPHP/Lib/Template/ThinkTemplate.class.php 第 404 行.
NOTIC: [8192] preg_replace(): The /e modifier is deprecated, use preg_replace_callback instead /Applications/MAMP/htdocs/yemao/ThinkPHP/Lib/Template/ThinkTemplate.class.php 第 404 行.
NOTIC: [8192] preg_replace(): The /e modifier is deprecated, use preg_replace_callback instead /Applications/MAMP/htdocs/yemao/ThinkPHP/Lib/Template/ThinkTemplate.class.php 第 404 行.
NOTIC: [8192] preg_replace(): The /e modifier is deprecated, use preg_replace_callback instead /Applications/MAMP/htdocs/yemao/ThinkPHP/Lib/Template/ThinkTemplate.class.php 第 404 行.
NOTIC: [8192] preg_replace(): The /e modifier is deprecated, use preg_replace_callback instead /Applications/MAMP/htdocs/yemao/ThinkPHP/Lib/Template/ThinkTemplate.class.php 第 404 行.
NOTIC: [8192] preg_replace(): The /e modifier is deprecated, use preg_replace_callback instead /Applications/MAMP/htdocs/yemao/ThinkPHP/Lib/Template/ThinkTemplate.class.php 第 404 行.
NOTIC: [8192] preg_replace(): The /e modifier is deprecated, use preg_replace_callback instead /Applications/MAMP/htdocs/yemao/ThinkPHP/Lib/Template/ThinkTemplate.class.php 第 404 行.
NOTIC: [8192] preg_replace(): The /e modifier is deprecated, use preg_replace_callback instead /Applications/MAMP/htdocs/yemao/ThinkPHP/Lib/Template/ThinkTemplate.class.php 第 404 行.
NOTIC: [8192] preg_replace(): The /e modifier is deprecated, use preg_replace_callback instead /Applications/MAMP/htdocs/yemao/ThinkPHP/Lib/Template/ThinkTemplate.class.php 第 404 行.
NOTIC: [8192] preg_replace(): The /e modifier is deprecated, use preg_replace_callback instead /Applications/MAMP/htdocs/yemao/ThinkPHP/Lib/Template/ThinkTemplate.class.php 第 404 行.
NOTIC: [8192] preg_replace(): The /e modifier is deprecated, use preg_replace_callback instead /Applications/MAMP/htdocs/yemao/ThinkPHP/Lib/Template/ThinkTemplate.class.php 第 399 行.
NOTIC: [8192] preg_replace(): The /e modifier is deprecated, use preg_replace_callback instead /Applications/MAMP/htdocs/yemao/ThinkPHP/Lib/Template/ThinkTemplate.class.php 第 399 行.
NOTIC: [8192] preg_replace(): The /e modifier is deprecated, use preg_replace_callback instead /Applications/MAMP/htdocs/yemao/ThinkPHP/Lib/Template/ThinkTemplate.class.php 第 404 行.
NOTIC: [8192] preg_replace(): The /e modifier is deprecated, use preg_replace_callback instead /Applications/MAMP/htdocs/yemao/ThinkPHP/Lib/Template/ThinkTemplate.class.php 第 404 行.
NOTIC: [8192] preg_replace(): The /e modifier is deprecated, use preg_replace_callback instead /Applications/MAMP/htdocs/yemao/ThinkPHP/Lib/Template/ThinkTemplate.class.php 第 404 行.
NOTIC: [8192] preg_replace(): The /e modifier is deprecated, use preg_replace_callback instead /Applications/MAMP/htdocs/yemao/ThinkPHP/Lib/Template/ThinkTemplate.class.php 第 399 行.
NOTIC: [8192] preg_replace(): The /e modifier is deprecated, use preg_replace_callback instead /Applications/MAMP/htdocs/yemao/ThinkPHP/Lib/Template/ThinkTemplate.class.php 第 404 行.
NOTIC: [8192] preg_replace(): The /e modifier is deprecated, use preg_replace_callback instead /Applications/MAMP/htdocs/yemao/ThinkPHP/Lib/Template/ThinkTemplate.class.php 第 404 行.
NOTIC: [8192] preg_replace(): The /e modifier is deprecated, use preg_replace_callback instead /Applications/MAMP/htdocs/yemao/ThinkPHP/Lib/Template/ThinkTemplate.class.php 第 404 行.
NOTIC: [8192] preg_replace(): The /e modifier is deprecated, use preg_replace_callback instead /Applications/MAMP/htdocs/yemao/ThinkPHP/Lib/Template/ThinkTemplate.class.php 第 404 行.
NOTIC: [8192] preg_replace(): The /e modifier is deprecated, use preg_replace_callback instead /Applications/MAMP/htdocs/yemao/ThinkPHP/Lib/Template/ThinkTemplate.class.php 第 404 行.
NOTIC: [8192] preg_replace(): The /e modifier is deprecated, use preg_replace_callback instead /Applications/MAMP/htdocs/yemao/ThinkPHP/Lib/Template/ThinkTemplate.class.php 第 404 行.
NOTIC: [8192] preg_replace(): The /e modifier is deprecated, use preg_replace_callback instead /Applications/MAMP/htdocs/yemao/ThinkPHP/Lib/Template/ThinkTemplate.class.php 第 404 行.
NOTIC: [8192] preg_replace(): The /e modifier is deprecated, use preg_replace_callback instead /Applications/MAMP/htdocs/yemao/ThinkPHP/Lib/Template/ThinkTemplate.class.php 第 404 行.
NOTIC: [8192] preg_replace(): The /e modifier is deprecated, use preg_replace_callback instead /Applications/MAMP/htdocs/yemao/ThinkPHP/Lib/Template/ThinkTemplate.class.php 第 404 行.
NOTIC: [8192] preg_replace(): The /e modifier is deprecated, use preg_replace_callback instead /Applications/MAMP/htdocs/yemao/ThinkPHP/Lib/Template/ThinkTemplate.class.php 第 404 行.
NOTIC: [8192] preg_replace(): The /e modifier is deprecated, use preg_replace_callback instead /Applications/MAMP/htdocs/yemao/ThinkPHP/Lib/Template/ThinkTemplate.class.php 第 404 行.
NOTIC: [8192] preg_replace(): The /e modifier is deprecated, use preg_replace_callback instead /Applications/MAMP/htdocs/yemao/ThinkPHP/Lib/Template/ThinkTemplate.class.php 第 404 行.
NOTIC: [8192] preg_replace(): The /e modifier is deprecated, use preg_replace_callback instead /Applications/MAMP/htdocs/yemao/ThinkPHP/Lib/Template/ThinkTemplate.class.php 第 404 行.
NOTIC: [8192] preg_replace(): The /e modifier is deprecated, use preg_replace_callback instead /Applications/MAMP/htdocs/yemao/ThinkPHP/Lib/Template/ThinkTemplate.class.php 第 404 行.
NOTIC: [8192] preg_replace(): The /e modifier is deprecated, use preg_replace_callback instead /Applications/MAMP/htdocs/yemao/ThinkPHP/Lib/Template/ThinkTemplate.class.php 第 404 行.
NOTIC: [8192] preg_replace(): The /e modifier is deprecated, use preg_replace_callback instead /Applications/MAMP/htdocs/yemao/ThinkPHP/Lib/Template/ThinkTemplate.class.php 第 404 行.
NOTIC: [8192] preg_replace(): The /e modifier is deprecated, use preg_replace_callback instead /Applications/MAMP/htdocs/yemao/ThinkPHP/Lib/Template/ThinkTemplate.class.php 第 404 行.
NOTIC: [8192] preg_replace(): The /e modifier is deprecated, use preg_replace_callback instead /Applications/MAMP/htdocs/yemao/ThinkPHP/Lib/Template/ThinkTemplate.class.php 第 404 行.
NOTIC: [8192] preg_replace(): The /e modifier is deprecated, use preg_replace_callback instead /Applications/MAMP/htdocs/yemao/ThinkPHP/Lib/Template/ThinkTemplate.class.php 第 404 行.
NOTIC: [8192] preg_replace(): The /e modifier is deprecated, use preg_replace_callback instead /Applications/MAMP/htdocs/yemao/ThinkPHP/Lib/Template/ThinkTemplate.class.php 第 404 行.
NOTIC: [8192] preg_replace(): The /e modifier is deprecated, use preg_replace_callback instead /Applications/MAMP/htdocs/yemao/ThinkPHP/Lib/Template/ThinkTemplate.class.php 第 404 行.
NOTIC: [8192] preg_replace(): The /e modifier is deprecated, use preg_replace_callback instead /Applications/MAMP/htdocs/yemao/ThinkPHP/Lib/Template/ThinkTemplate.class.php 第 404 行.
NOTIC: [8192] preg_replace(): The /e modifier is deprecated, use preg_replace_callback instead /Applications/MAMP/htdocs/yemao/ThinkPHP/Lib/Template/ThinkTemplate.class.php 第 404 行.
NOTIC: [8192] preg_replace(): The /e modifier is deprecated, use preg_replace_callback instead /Applications/MAMP/htdocs/yemao/ThinkPHP/Lib/Template/ThinkTemplate.class.php 第 404 行.
NOTIC: [8192] preg_replace(): The /e modifier is deprecated, use preg_replace_callback instead /Applications/MAMP/htdocs/yemao/ThinkPHP/Lib/Template/ThinkTemplate.class.php 第 404 行.
NOTIC: [8192] preg_replace(): The /e modifier is deprecated, use preg_replace_callback instead /Applications/MAMP/htdocs/yemao/ThinkPHP/Lib/Template/ThinkTemplate.class.php 第 404 行.
NOTIC: [8192] preg_replace(): The /e modifier is deprecated, use preg_replace_callback instead /Applications/MAMP/htdocs/yemao/ThinkPHP/Lib/Template/ThinkTemplate.class.php 第 404 行.
NOTIC: [8192] preg_replace(): The /e modifier is deprecated, use preg_replace_callback instead /Applications/MAMP/htdocs/yemao/ThinkPHP/Lib/Template/ThinkTemplate.class.php 第 404 行.
NOTIC: [8192] preg_replace(): The /e modifier is deprecated, use preg_replace_callback instead /Applications/MAMP/htdocs/yemao/ThinkPHP/Lib/Template/ThinkTemplate.class.php 第 404 行.
NOTIC: [8192] preg_replace(): The /e modifier is deprecated, use preg_replace_callback instead /Applications/MAMP/htdocs/yemao/ThinkPHP/Lib/Template/ThinkTemplate.class.php 第 404 行.
NOTIC: [8192] preg_replace(): The /e modifier is deprecated, use preg_replace_callback instead /Applications/MAMP/htdocs/yemao/ThinkPHP/Lib/Template/ThinkTemplate.class.php 第 404 行.
NOTIC: [8192] preg_replace(): The /e modifier is deprecated, use preg_replace_callback instead /Applications/MAMP/htdocs/yemao/ThinkPHP/Lib/Template/ThinkTemplate.class.php 第 404 行.
NOTIC: [8192] preg_replace(): The /e modifier is deprecated, use preg_replace_callback instead /Applications/MAMP/htdocs/yemao/ThinkPHP/Lib/Template/ThinkTemplate.class.php 第 404 行.
NOTIC: [8192] preg_replace(): The /e modifier is deprecated, use preg_replace_callback instead /Applications/MAMP/htdocs/yemao/ThinkPHP/Lib/Template/ThinkTemplate.class.php 第 404 行.
NOTIC: [8192] preg_replace(): The /e modifier is deprecated, use preg_replace_callback instead /Applications/MAMP/htdocs/yemao/ThinkPHP/Lib/Template/ThinkTemplate.class.php 第 404 行.
NOTIC: [8192] preg_replace(): The /e modifier is deprecated, use preg_replace_callback instead /Applications/MAMP/htdocs/yemao/ThinkPHP/Lib/Template/ThinkTemplate.class.php 第 404 行.
NOTIC: [8192] preg_replace(): The /e modifier is deprecated, use preg_replace_callback instead /Applications/MAMP/htdocs/yemao/ThinkPHP/Lib/Template/ThinkTemplate.class.php 第 404 行.
NOTIC: [8192] preg_replace(): The /e modifier is deprecated, use preg_replace_callback instead /Applications/MAMP/htdocs/yemao/ThinkPHP/Lib/Template/ThinkTemplate.class.php 第 404 行.
NOTIC: [8192] preg_replace(): The /e modifier is deprecated, use preg_replace_callback instead /Applications/MAMP/htdocs/yemao/ThinkPHP/Lib/Template/ThinkTemplate.class.php 第 404 行.
NOTIC: [8192] preg_replace(): The /e modifier is deprecated, use preg_replace_callback instead /Applications/MAMP/htdocs/yemao/ThinkPHP/Lib/Template/ThinkTemplate.class.php 第 404 行.
NOTIC: [8192] preg_replace(): The /e modifier is deprecated, use preg_replace_callback instead /Applications/MAMP/htdocs/yemao/ThinkPHP/Lib/Template/ThinkTemplate.class.php 第 404 行.
NOTIC: [8192] preg_replace(): The /e modifier is deprecated, use preg_replace_callback instead /Applications/MAMP/htdocs/yemao/ThinkPHP/Lib/Template/ThinkTemplate.class.php 第 404 行.
NOTIC: [8192] preg_replace(): The /e modifier is deprecated, use preg_replace_callback instead /Applications/MAMP/htdocs/yemao/ThinkPHP/Lib/Template/ThinkTemplate.class.php 第 404 行.
NOTIC: [8192] preg_replace(): The /e modifier is deprecated, use preg_replace_callback instead /Applications/MAMP/htdocs/yemao/ThinkPHP/Lib/Template/ThinkTemplate.class.php 第 404 行.
NOTIC: [8192] preg_replace(): The /e modifier is deprecated, use preg_replace_callback instead /Applications/MAMP/htdocs/yemao/ThinkPHP/Lib/Template/ThinkTemplate.class.php 第 404 行.
NOTIC: [8192] preg_replace(): The /e modifier is deprecated, use preg_replace_callback instead /Applications/MAMP/htdocs/yemao/ThinkPHP/Lib/Template/ThinkTemplate.class.php 第 404 行.
NOTIC: [8192] preg_replace(): The /e modifier is deprecated, use preg_replace_callback instead /Applications/MAMP/htdocs/yemao/ThinkPHP/Lib/Template/ThinkTemplate.class.php 第 404 行.
NOTIC: [8192] preg_replace(): The /e modifier is deprecated, use preg_replace_callback instead /Applications/MAMP/htdocs/yemao/ThinkPHP/Lib/Template/ThinkTemplate.class.php 第 404 行.
NOTIC: [8192] preg_replace(): The /e modifier is deprecated, use preg_replace_callback instead /Applications/MAMP/htdocs/yemao/ThinkPHP/Lib/Template/ThinkTemplate.class.php 第 404 行.
NOTIC: [8192] preg_replace(): The /e modifier is deprecated, use preg_replace_callback instead /Applications/MAMP/htdocs/yemao/ThinkPHP/Lib/Template/ThinkTemplate.class.php 第 404 行.
NOTIC: [8192] preg_replace(): The /e modifier is deprecated, use preg_replace_callback instead /Applications/MAMP/htdocs/yemao/ThinkPHP/Lib/Template/ThinkTemplate.class.php 第 404 行.
NOTIC: [8192] preg_replace(): The /e modifier is deprecated, use preg_replace_callback instead /Applications/MAMP/htdocs/yemao/ThinkPHP/Lib/Template/ThinkTemplate.class.php 第 404 行.
NOTIC: [8192] preg_replace(): The /e modifier is deprecated, use preg_replace_callback instead /Applications/MAMP/htdocs/yemao/ThinkPHP/Lib/Template/ThinkTemplate.class.php 第 404 行.
NOTIC: [8192] preg_replace(): The /e modifier is deprecated, use preg_replace_callback instead /Applications/MAMP/htdocs/yemao/ThinkPHP/Lib/Template/ThinkTemplate.class.php 第 404 行.
NOTIC: [8192] preg_replace(): The /e modifier is deprecated, use preg_replace_callback instead /Applications/MAMP/htdocs/yemao/ThinkPHP/Lib/Template/ThinkTemplate.class.php 第 404 行.
NOTIC: [8192] preg_replace(): The /e modifier is deprecated, use preg_replace_callback instead /Applications/MAMP/htdocs/yemao/ThinkPHP/Lib/Template/ThinkTemplate.class.php 第 404 行.
NOTIC: [8192] preg_replace(): The /e modifier is deprecated, use preg_replace_callback instead /Applications/MAMP/htdocs/yemao/ThinkPHP/Lib/Template/ThinkTemplate.class.php 第 404 行.
NOTIC: [8192] preg_replace(): The /e modifier is deprecated, use preg_replace_callback instead /Applications/MAMP/htdocs/yemao/ThinkPHP/Lib/Template/ThinkTemplate.class.php 第 404 行.
NOTIC: [8192] preg_replace(): The /e modifier is deprecated, use preg_replace_callback instead /Applications/MAMP/htdocs/yemao/ThinkPHP/Lib/Template/ThinkTemplate.class.php 第 404 行.
NOTIC: [8192] preg_replace(): The /e modifier is deprecated, use preg_replace_callback instead /Applications/MAMP/htdocs/yemao/ThinkPHP/Lib/Template/ThinkTemplate.class.php 第 404 行.
NOTIC: [8192] preg_replace(): The /e modifier is deprecated, use preg_replace_callback instead /Applications/MAMP/htdocs/yemao/ThinkPHP/Lib/Template/ThinkTemplate.class.php 第 404 行.
NOTIC: [8192] preg_replace(): The /e modifier is deprecated, use preg_replace_callback instead /Applications/MAMP/htdocs/yemao/ThinkPHP/Lib/Template/ThinkTemplate.class.php 第 404 行.
NOTIC: [8192] preg_replace(): The /e modifier is deprecated, use preg_replace_callback instead /Applications/MAMP/htdocs/yemao/ThinkPHP/Lib/Template/ThinkTemplate.class.php 第 404 行.
NOTIC: [8192] preg_replace(): The /e modifier is deprecated, use preg_replace_callback instead /Applications/MAMP/htdocs/yemao/ThinkPHP/Lib/Template/ThinkTemplate.class.php 第 404 行.
NOTIC: [8192] preg_replace(): The /e modifier is deprecated, use preg_replace_callback instead /Applications/MAMP/htdocs/yemao/ThinkPHP/Lib/Template/ThinkTemplate.class.php 第 404 行.
NOTIC: [8192] preg_replace(): The /e modifier is deprecated, use preg_replace_callback instead /Applications/MAMP/htdocs/yemao/ThinkPHP/Lib/Template/ThinkTemplate.class.php 第 404 行.
NOTIC: [8192] preg_replace(): The /e modifier is deprecated, use preg_replace_callback instead /Applications/MAMP/htdocs/yemao/ThinkPHP/Lib/Template/ThinkTemplate.class.php 第 399 行.
NOTIC: [8192] preg_replace(): The /e modifier is deprecated, use preg_replace_callback instead /Applications/MAMP/htdocs/yemao/ThinkPHP/Lib/Template/ThinkTemplate.class.php 第 399 行.
NOTIC: [8192] preg_replace(): The /e modifier is deprecated, use preg_replace_callback instead /Applications/MAMP/htdocs/yemao/ThinkPHP/Lib/Template/ThinkTemplate.class.php 第 399 行.
NOTIC: [8192] preg_replace(): The /e modifier is deprecated, use preg_replace_callback instead /Applications/MAMP/htdocs/yemao/ThinkPHP/Lib/Template/ThinkTemplate.class.php 第 399 行.
NOTIC: [8192] preg_replace(): The /e modifier is deprecated, use preg_replace_callback instead /Applications/MAMP/htdocs/yemao/ThinkPHP/Lib/Template/ThinkTemplate.class.php 第 399 行.
NOTIC: [8192] preg_replace(): The /e modifier is deprecated, use preg_replace_callback instead /Applications/MAMP/htdocs/yemao/ThinkPHP/Lib/Template/ThinkTemplate.class.php 第 399 行.
NOTIC: [8192] preg_replace(): The /e modifier is deprecated, use preg_replace_callback instead /Applications/MAMP/htdocs/yemao/ThinkPHP/Lib/Template/ThinkTemplate.class.php 第 404 行.
NOTIC: [8192] preg_replace(): The /e modifier is deprecated, use preg_replace_callback instead /Applications/MAMP/htdocs/yemao/ThinkPHP/Lib/Template/ThinkTemplate.class.php 第 404 行.
NOTIC: [8192] preg_replace(): The /e modifier is deprecated, use preg_replace_callback instead /Applications/MAMP/htdocs/yemao/ThinkPHP/Lib/Template/ThinkTemplate.class.php 第 404 行.
NOTIC: [8192] preg_replace(): The /e modifier is deprecated, use preg_replace_callback instead /Applications/MAMP/htdocs/yemao/ThinkPHP/Lib/Template/ThinkTemplate.class.php 第 197 行.
NOTIC: [8192] preg_replace(): The /e modifier is deprecated, use preg_replace_callback instead /Applications/MAMP/htdocs/yemao/ThinkPHP/Lib/Template/ThinkTemplate.class.php 第 137 行.
INFO: ParseTemplate Behavior ::run [ RunTime:0.032366s ]
INFO: [ view_parse ] --END-- [ RunTime:0.032514s ]
INFO: [ view_filter ] --START--
NOTIC: [8] Use of undefined constant APP_TMPL_PATH - assumed 'APP_TMPL_PATH' /Applications/MAMP/htdocs/yemao/ThinkPHP/Lib/Behavior/ContentReplaceBehavior.class.php 第 40 行.
NOTIC: [8] Use of undefined constant APP_TMPL_PATH - assumed 'APP_TMPL_PATH' /Applications/MAMP/htdocs/yemao/ThinkPHP/Lib/Behavior/ContentReplaceBehavior.class.php 第 47 行.
INFO: ContentReplace Behavior ::run [ RunTime:0.000687s ]
INFO: TokenBuild Behavior ::run [ RunTime:0.000664s ]
INFO: WriteHtmlCache Behavior ::run [ RunTime:0.000573s ]
INFO: ShowRuntime Behavior ::run [ RunTime:0.003388s ]
INFO: [ view_filter ] --END-- [ RunTime:0.005623s ]
INFO: [ view_end ] --START--
INFO: ShowPageTrace Behavior ::run [ RunTime:0.001354s ]
INFO: [ view_end ] --END-- [ RunTime:0.001470s ]

[ 2017-03-16T14:41:19+08:00 ] 0.0.0.0 /yemao/index.php?m=Index&a=index1
INFO: [ app_begin ] --START--
INFO: ReadHtmlCache Behavior ::run [ RunTime:0.000948s ]
INFO: [ app_begin ] --END-- [ RunTime:0.001145s ]
ERR: 非法操作:index1

[ 2017-03-16T14:41:25+08:00 ] 0.0.0.0 /yemao/index.php?m=Index&a=index
INFO: [ app_begin ] --START--
INFO: ReadHtmlCache Behavior ::run [ RunTime:0.000958s ]
INFO: [ app_begin ] --END-- [ RunTime:0.001362s ]
INFO: [ view_parse ] --START--
INFO: ParseTemplate Behavior ::run [ RunTime:0.001841s ]
INFO: [ view_parse ] --END-- [ RunTime:0.001961s ]
INFO: [ view_filter ] --START--
NOTIC: [8] Use of undefined constant APP_TMPL_PATH - assumed 'APP_TMPL_PATH' /Applications/MAMP/htdocs/yemao/ThinkPHP/Lib/Behavior/ContentReplaceBehavior.class.php 第 40 行.
NOTIC: [8] Use of undefined constant APP_TMPL_PATH - assumed 'APP_TMPL_PATH' /Applications/MAMP/htdocs/yemao/ThinkPHP/Lib/Behavior/ContentReplaceBehavior.class.php 第 47 行.
INFO: ContentReplace Behavior ::run [ RunTime:0.000700s ]
INFO: TokenBuild Behavior ::run [ RunTime:0.001012s ]
INFO: WriteHtmlCache Behavior ::run [ RunTime:0.000721s ]
INFO: ShowRuntime Behavior ::run [ RunTime:0.000997s ]
INFO: [ view_filter ] --END-- [ RunTime:0.003731s ]
INFO: [ view_end ] --START--
INFO: ShowPageTrace Behavior ::run [ RunTime:0.001032s ]
INFO: [ view_end ] --END-- [ RunTime:0.001118s ]

[ 2017-03-16T14:42:35+08:00 ] 0.0.0.0 /yemao/index.php?m=Address&a=index
INFO: [ app_begin ] --START--
INFO: ReadHtmlCache Behavior ::run [ RunTime:0.001077s ]
INFO: [ app_begin ] --END-- [ RunTime:0.001328s ]
NOTIC: [8192] mysql_connect(): The mysql extension is deprecated and will be removed in the future: use mysqli or PDO instead /Applications/MAMP/htdocs/yemao/ThinkPHP/Lib/Driver/Db/DbMysql.class.php 第 55 行.
SQL: SHOW COLUMNS FROM `address` [ RunTime:0.004523s ]
NOTIC: [8192] preg_replace(): The /e modifier is deprecated, use preg_replace_callback instead /Applications/MAMP/htdocs/yemao/ThinkPHP/Lib/Core/Db.class.php 第 605 行.
SQL: SELECT * FROM `address`  [ RunTime:0.009802s ]

[ 2017-03-16T14:44:04+08:00 ] 0.0.0.0 /yemao/index.php?m=Address&a=index
INFO: [ app_begin ] --START--
INFO: ReadHtmlCache Behavior ::run [ RunTime:0.001023s ]
INFO: [ app_begin ] --END-- [ RunTime:0.001270s ]
NOTIC: [8192] mysql_connect(): The mysql extension is deprecated and will be removed in the future: use mysqli or PDO instead /Applications/MAMP/htdocs/yemao/ThinkPHP/Lib/Driver/Db/DbMysql.class.php 第 55 行.
SQL: SHOW COLUMNS FROM `address` [ RunTime:0.001499s ]
NOTIC: [8192] preg_replace(): The /e modifier is deprecated, use preg_replace_callback instead /Applications/MAMP/htdocs/yemao/ThinkPHP/Lib/Core/Db.class.php 第 605 行.
SQL: SELECT * FROM `address`  [ RunTime:0.001890s ]

[ 2017-03-16T14:59:10+08:00 ] 0.0.0.0 /yemao/index.php?m=Address&a=index
INFO: [ app_begin ] --START--
INFO: ReadHtmlCache Behavior ::run [ RunTime:0.001177s ]
INFO: [ app_begin ] --END-- [ RunTime:0.001547s ]
NOTIC: [8192] mysql_connect(): The mysql extension is deprecated and will be removed in the future: use mysqli or PDO instead /Applications/MAMP/htdocs/yemao/ThinkPHP/Lib/Driver/Db/DbMysql.class.php 第 55 行.
SQL: SHOW COLUMNS FROM `address` [ RunTime:0.001264s ]
NOTIC: [8192] preg_replace(): The /e modifier is deprecated, use preg_replace_callback instead /Applications/MAMP/htdocs/yemao/ThinkPHP/Lib/Core/Db.class.php 第 605 行.
SQL: SELECT * FROM `address`  [ RunTime:0.001760s ]
NOTIC: [8] Undefined index: id /Applications/MAMP/htdocs/yemao/Index/Lib/Action/AddressAction.class.php 第 45 行.
NOTIC: [8] Undefined index: area /Applications/MAMP/htdocs/yemao/Index/Lib/Action/AddressAction.class.php 第 46 行.
NOTIC: [8] Undefined index: city /Applications/MAMP/htdocs/yemao/Index/Lib/Action/AddressAction.class.php 第 47 行.
NOTIC: [8] Undefined index: school /Applications/MAMP/htdocs/yemao/Index/Lib/Action/AddressAction.class.php 第 48 行.
NOTIC: [8] Undefined index: id /Applications/MAMP/htdocs/yemao/Index/Lib/Action/AddressAction.class.php 第 45 行.
NOTIC: [8] Undefined index: area /Applications/MAMP/htdocs/yemao/Index/Lib/Action/AddressAction.class.php 第 46 行.
NOTIC: [8] Undefined index: city /Applications/MAMP/htdocs/yemao/Index/Lib/Action/AddressAction.class.php 第 47 行.
NOTIC: [8] Undefined index: school /Applications/MAMP/htdocs/yemao/Index/Lib/Action/AddressAction.class.php 第 48 行.
NOTIC: [8] Undefined index: id /Applications/MAMP/htdocs/yemao/Index/Lib/Action/AddressAction.class.php 第 45 行.
NOTIC: [8] Undefined index: area /Applications/MAMP/htdocs/yemao/Index/Lib/Action/AddressAction.class.php 第 46 行.
NOTIC: [8] Undefined index: city /Applications/MAMP/htdocs/yemao/Index/Lib/Action/AddressAction.class.php 第 47 行.
NOTIC: [8] Undefined index: school /Applications/MAMP/htdocs/yemao/Index/Lib/Action/AddressAction.class.php 第 48 行.
NOTIC: [8] Undefined index: id /Applications/MAMP/htdocs/yemao/Index/Lib/Action/AddressAction.class.php 第 45 行.
NOTIC: [8] Undefined index: area /Applications/MAMP/htdocs/yemao/Index/Lib/Action/AddressAction.class.php 第 46 行.
NOTIC: [8] Undefined index: city /Applications/MAMP/htdocs/yemao/Index/Lib/Action/AddressAction.class.php 第 47 行.
NOTIC: [8] Undefined index: school /Applications/MAMP/htdocs/yemao/Index/Lib/Action/AddressAction.class.php 第 48 行.
NOTIC: [8] Undefined index: id /Applications/MAMP/htdocs/yemao/Index/Lib/Action/AddressAction.class.php 第 45 行.
NOTIC: [8] Undefined index: area /Applications/MAMP/htdocs/yemao/Index/Lib/Action/AddressAction.class.php 第 46 行.
NOTIC: [8] Undefined index: city /Applications/MAMP/htdocs/yemao/Index/Lib/Action/AddressAction.class.php 第 47 行.
NOTIC: [8] Undefined index: school /Applications/MAMP/htdocs/yemao/Index/Lib/Action/AddressAction.class.php 第 48 行.
NOTIC: [8] Undefined index: id /Applications/MAMP/htdocs/yemao/Index/Lib/Action/AddressAction.class.php 第 45 行.
NOTIC: [8] Undefined index: area /Applications/MAMP/htdocs/yemao/Index/Lib/Action/AddressAction.class.php 第 46 行.
NOTIC: [8] Undefined index: city /Applications/MAMP/htdocs/yemao/Index/Lib/Action/AddressAction.class.php 第 47 行.
NOTIC: [8] Undefined index: school /Applications/MAMP/htdocs/yemao/Index/Lib/Action/AddressAction.class.php 第 48 行.
NOTIC: [8] Undefined index: id /Applications/MAMP/htdocs/yemao/Index/Lib/Action/AddressAction.class.php 第 45 行.
NOTIC: [8] Undefined index: area /Applications/MAMP/htdocs/yemao/Index/Lib/Action/AddressAction.class.php 第 46 行.
NOTIC: [8] Undefined index: city /Applications/MAMP/htdocs/yemao/Index/Lib/Action/AddressAction.class.php 第 47 行.
NOTIC: [8] Undefined index: school /Applications/MAMP/htdocs/yemao/Index/Lib/Action/AddressAction.class.php 第 48 行.
NOTIC: [8] Undefined index: id /Applications/MAMP/htdocs/yemao/Index/Lib/Action/AddressAction.class.php 第 45 行.
NOTIC: [8] Undefined index: area /Applications/MAMP/htdocs/yemao/Index/Lib/Action/AddressAction.class.php 第 46 行.
NOTIC: [8] Undefined index: city /Applications/MAMP/htdocs/yemao/Index/Lib/Action/AddressAction.class.php 第 47 行.
NOTIC: [8] Undefined index: school /Applications/MAMP/htdocs/yemao/Index/Lib/Action/AddressAction.class.php 第 48 行.
NOTIC: [8] Undefined index: id /Applications/MAMP/htdocs/yemao/Index/Lib/Action/AddressAction.class.php 第 45 行.
NOTIC: [8] Undefined index: area /Applications/MAMP/htdocs/yemao/Index/Lib/Action/AddressAction.class.php 第 46 行.
NOTIC: [8] Undefined index: city /Applications/MAMP/htdocs/yemao/Index/Lib/Action/AddressAction.class.php 第 47 行.
NOTIC: [8] Undefined index: school /Applications/MAMP/htdocs/yemao/Index/Lib/Action/AddressAction.class.php 第 48 行.
NOTIC: [8] Undefined index: id /Applications/MAMP/htdocs/yemao/Index/Lib/Action/AddressAction.class.php 第 45 行.
NOTIC: [8] Undefined index: area /Applications/MAMP/htdocs/yemao/Index/Lib/Action/AddressAction.class.php 第 46 行.
NOTIC: [8] Undefined index: city /Applications/MAMP/htdocs/yemao/Index/Lib/Action/AddressAction.class.php 第 47 行.
NOTIC: [8] Undefined index: school /Applications/MAMP/htdocs/yemao/Index/Lib/Action/AddressAction.class.php 第 48 行.
NOTIC: [8] Undefined index: id /Applications/MAMP/htdocs/yemao/Index/Lib/Action/AddressAction.class.php 第 45 行.
NOTIC: [8] Undefined index: area /Applications/MAMP/htdocs/yemao/Index/Lib/Action/AddressAction.class.php 第 46 行.
NOTIC: [8] Undefined index: city /Applications/MAMP/htdocs/yemao/Index/Lib/Action/AddressAction.class.php 第 47 行.
NOTIC: [8] Undefined index: school /Applications/MAMP/htdocs/yemao/Index/Lib/Action/AddressAction.class.php 第 48 行.
NOTIC: [8] Undefined index: id /Applications/MAMP/htdocs/yemao/Index/Lib/Action/AddressAction.class.php 第 45 行.
NOTIC: [8] Undefined index: area /Applications/MAMP/htdocs/yemao/Index/Lib/Action/AddressAction.class.php 第 46 行.
NOTIC: [8] Undefined index: city /Applications/MAMP/htdocs/yemao/Index/Lib/Action/AddressAction.class.php 第 47 行.
NOTIC: [8] Undefined index: school /Applications/MAMP/htdocs/yemao/Index/Lib/Action/AddressAction.class.php 第 48 行.
NOTIC: [8] Undefined index: id /Applications/MAMP/htdocs/yemao/Index/Lib/Action/AddressAction.class.php 第 45 行.
NOTIC: [8] Undefined index: area /Applications/MAMP/htdocs/yemao/Index/Lib/Action/AddressAction.class.php 第 46 行.
NOTIC: [8] Undefined index: city /Applications/MAMP/htdocs/yemao/Index/Lib/Action/AddressAction.class.php 第 47 行.
NOTIC: [8] Undefined index: school /Applications/MAMP/htdocs/yemao/Index/Lib/Action/AddressAction.class.php 第 48 行.
NOTIC: [8] Undefined index: id /Applications/MAMP/htdocs/yemao/Index/Lib/Action/AddressAction.class.php 第 45 行.
NOTIC: [8] Undefined index: area /Applications/MAMP/htdocs/yemao/Index/Lib/Action/AddressAction.class.php 第 46 行.
NOTIC: [8] Undefined index: city /Applications/MAMP/htdocs/yemao/Index/Lib/Action/AddressAction.class.php 第 47 行.
NOTIC: [8] Undefined index: school /Applications/MAMP/htdocs/yemao/Index/Lib/Action/AddressAction.class.php 第 48 行.
NOTIC: [8] Undefined index: id /Applications/MAMP/htdocs/yemao/Index/Lib/Action/AddressAction.class.php 第 45 行.
NOTIC: [8] Undefined index: area /Applications/MAMP/htdocs/yemao/Index/Lib/Action/AddressAction.class.php 第 46 行.
NOTIC: [8] Undefined index: city /Applications/MAMP/htdocs/yemao/Index/Lib/Action/AddressAction.class.php 第 47 行.
NOTIC: [8] Undefined index: school /Applications/MAMP/htdocs/yemao/Index/Lib/Action/AddressAction.class.php 第 48 行.
NOTIC: [8] Undefined index: id /Applications/MAMP/htdocs/yemao/Index/Lib/Action/AddressAction.class.php 第 45 行.
NOTIC: [8] Undefined index: area /Applications/MAMP/htdocs/yemao/Index/Lib/Action/AddressAction.class.php 第 46 行.
NOTIC: [8] Undefined index: city /Applications/MAMP/htdocs/yemao/Index/Lib/Action/AddressAction.class.php 第 47 行.
NOTIC: [8] Undefined index: school /Applications/MAMP/htdocs/yemao/Index/Lib/Action/AddressAction.class.php 第 48 行.
NOTIC: [8] Undefined index: id /Applications/MAMP/htdocs/yemao/Index/Lib/Action/AddressAction.class.php 第 45 行.
NOTIC: [8] Undefined index: area /Applications/MAMP/htdocs/yemao/Index/Lib/Action/AddressAction.class.php 第 46 行.
NOTIC: [8] Undefined index: city /Applications/MAMP/htdocs/yemao/Index/Lib/Action/AddressAction.class.php 第 47 行.
NOTIC: [8] Undefined index: school /Applications/MAMP/htdocs/yemao/Index/Lib/Action/AddressAction.class.php 第 48 行.
NOTIC: [8] Undefined index: id /Applications/MAMP/htdocs/yemao/Index/Lib/Action/AddressAction.class.php 第 45 行.
NOTIC: [8] Undefined index: area /Applications/MAMP/htdocs/yemao/Index/Lib/Action/AddressAction.class.php 第 46 行.
NOTIC: [8] Undefined index: city /Applications/MAMP/htdocs/yemao/Index/Lib/Action/AddressAction.class.php 第 47 行.
NOTIC: [8] Undefined index: school /Applications/MAMP/htdocs/yemao/Index/Lib/Action/AddressAction.class.php 第 48 行.
NOTIC: [8] Undefined index: id /Applications/MAMP/htdocs/yemao/Index/Lib/Action/AddressAction.class.php 第 45 行.
NOTIC: [8] Undefined index: area /Applications/MAMP/htdocs/yemao/Index/Lib/Action/AddressAction.class.php 第 46 行.
NOTIC: [8] Undefined index: city /Applications/MAMP/htdocs/yemao/Index/Lib/Action/AddressAction.class.php 第 47 行.
NOTIC: [8] Undefined index: school /Applications/MAMP/htdocs/yemao/Index/Lib/Action/AddressAction.class.php 第 48 行.
NOTIC: [8] Undefined index: id /Applications/MAMP/htdocs/yemao/Index/Lib/Action/AddressAction.class.php 第 45 行.
NOTIC: [8] Undefined index: area /Applications/MAMP/htdocs/yemao/Index/Lib/Action/AddressAction.class.php 第 46 行.
NOTIC: [8] Undefined index: city /Applications/MAMP/htdocs/yemao/Index/Lib/Action/AddressAction.class.php 第 47 行.
NOTIC: [8] Undefined index: school /Applications/MAMP/htdocs/yemao/Index/Lib/Action/AddressAction.class.php 第 48 行.
NOTIC: [8] Undefined index: id /Applications/MAMP/htdocs/yemao/Index/Lib/Action/AddressAction.class.php 第 45 行.
NOTIC: [8] Undefined index: area /Applications/MAMP/htdocs/yemao/Index/Lib/Action/AddressAction.class.php 第 46 行.
NOTIC: [8] Undefined index: city /Applications/MAMP/htdocs/yemao/Index/Lib/Action/AddressAction.class.php 第 47 行.
NOTIC: [8] Undefined index: school /Applications/MAMP/htdocs/yemao/Index/Lib/Action/AddressAction.class.php 第 48 行.
NOTIC: [8] Undefined index: id /Applications/MAMP/htdocs/yemao/Index/Lib/Action/AddressAction.class.php 第 45 行.
NOTIC: [8] Undefined index: area /Applications/MAMP/htdocs/yemao/Index/Lib/Action/AddressAction.class.php 第 46 行.
NOTIC: [8] Undefined index: city /Applications/MAMP/htdocs/yemao/Index/Lib/Action/AddressAction.class.php 第 47 行.
NOTIC: [8] Undefined index: school /Applications/MAMP/htdocs/yemao/Index/Lib/Action/AddressAction.class.php 第 48 行.
NOTIC: [8] Undefined index: id /Applications/MAMP/htdocs/yemao/Index/Lib/Action/AddressAction.class.php 第 45 行.
NOTIC: [8] Undefined index: area /Applications/MAMP/htdocs/yemao/Index/Lib/Action/AddressAction.class.php 第 46 行.
NOTIC: [8] Undefined index: city /Applications/MAMP/htdocs/yemao/Index/Lib/Action/AddressAction.class.php 第 47 行.
NOTIC: [8] Undefined index: school /Applications/MAMP/htdocs/yemao/Index/Lib/Action/AddressAction.class.php 第 48 行.
NOTIC: [8] Undefined index: id /Applications/MAMP/htdocs/yemao/Index/Lib/Action/AddressAction.class.php 第 45 行.
NOTIC: [8] Undefined index: area /Applications/MAMP/htdocs/yemao/Index/Lib/Action/AddressAction.class.php 第 46 行.
NOTIC: [8] Undefined index: city /Applications/MAMP/htdocs/yemao/Index/Lib/Action/AddressAction.class.php 第 47 行.
NOTIC: [8] Undefined index: school /Applications/MAMP/htdocs/yemao/Index/Lib/Action/AddressAction.class.php 第 48 行.
NOTIC: [8] Undefined index: id /Applications/MAMP/htdocs/yemao/Index/Lib/Action/AddressAction.class.php 第 45 行.
NOTIC: [8] Undefined index: area /Applications/MAMP/htdocs/yemao/Index/Lib/Action/AddressAction.class.php 第 46 行.
NOTIC: [8] Undefined index: city /Applications/MAMP/htdocs/yemao/Index/Lib/Action/AddressAction.class.php 第 47 行.
NOTIC: [8] Undefined index: school /Applications/MAMP/htdocs/yemao/Index/Lib/Action/AddressAction.class.php 第 48 行.
NOTIC: [8] Undefined index: id /Applications/MAMP/htdocs/yemao/Index/Lib/Action/AddressAction.class.php 第 45 行.
NOTIC: [8] Undefined index: area /Applications/MAMP/htdocs/yemao/Index/Lib/Action/AddressAction.class.php 第 46 行.
NOTIC: [8] Undefined index: city /Applications/MAMP/htdocs/yemao/Index/Lib/Action/AddressAction.class.php 第 47 行.
NOTIC: [8] Undefined index: school /Applications/MAMP/htdocs/yemao/Index/Lib/Action/AddressAction.class.php 第 48 行.
NOTIC: [8] Undefined index: id /Applications/MAMP/htdocs/yemao/Index/Lib/Action/AddressAction.class.php 第 45 行.
NOTIC: [8] Undefined index: area /Applications/MAMP/htdocs/yemao/Index/Lib/Action/AddressAction.class.php 第 46 行.
NOTIC: [8] Undefined index: city /Applications/MAMP/htdocs/yemao/Index/Lib/Action/AddressAction.class.php 第 47 行.
NOTIC: [8] Undefined index: school /Applications/MAMP/htdocs/yemao/Index/Lib/Action/AddressAction.class.php 第 48 行.
NOTIC: [8] Undefined index: id /Applications/MAMP/htdocs/yemao/Index/Lib/Action/AddressAction.class.php 第 45 行.
NOTIC: [8] Undefined index: area /Applications/MAMP/htdocs/yemao/Index/Lib/Action/AddressAction.class.php 第 46 行.
NOTIC: [8] Undefined index: city /Applications/MAMP/htdocs/yemao/Index/Lib/Action/AddressAction.class.php 第 47 行.
NOTIC: [8] Undefined index: school /Applications/MAMP/htdocs/yemao/Index/Lib/Action/AddressAction.class.php 第 48 行.
NOTIC: [8] Undefined index: id /Applications/MAMP/htdocs/yemao/Index/Lib/Action/AddressAction.class.php 第 45 行.
NOTIC: [8] Undefined index: area /Applications/MAMP/htdocs/yemao/Index/Lib/Action/AddressAction.class.php 第 46 行.
NOTIC: [8] Undefined index: city /Applications/MAMP/htdocs/yemao/Index/Lib/Action/AddressAction.class.php 第 47 行.
NOTIC: [8] Undefined index: school /Applications/MAMP/htdocs/yemao/Index/Lib/Action/AddressAction.class.php 第 48 行.
NOTIC: [8] Undefined index: id /Applications/MAMP/htdocs/yemao/Index/Lib/Action/AddressAction.class.php 第 45 行.
NOTIC: [8] Undefined index: area /Applications/MAMP/htdocs/yemao/Index/Lib/Action/AddressAction.class.php 第 46 行.
NOTIC: [8] Undefined index: city /Applications/MAMP/htdocs/yemao/Index/Lib/Action/AddressAction.class.php 第 47 行.
NOTIC: [8] Undefined index: school /Applications/MAMP/htdocs/yemao/Index/Lib/Action/AddressAction.class.php 第 48 行.
NOTIC: [8] Undefined index: id /Applications/MAMP/htdocs/yemao/Index/Lib/Action/AddressAction.class.php 第 45 行.
NOTIC: [8] Undefined index: area /Applications/MAMP/htdocs/yemao/Index/Lib/Action/AddressAction.class.php 第 46 行.
NOTIC: [8] Undefined index: city /Applications/MAMP/htdocs/yemao/Index/Lib/Action/AddressAction.class.php 第 47 行.
NOTIC: [8] Undefined index: school /Applications/MAMP/htdocs/yemao/Index/Lib/Action/AddressAction.class.php 第 48 行.
NOTIC: [8] Undefined index: id /Applications/MAMP/htdocs/yemao/Index/Lib/Action/AddressAction.class.php 第 45 行.
NOTIC: [8] Undefined index: area /Applications/MAMP/htdocs/yemao/Index/Lib/Action/AddressAction.class.php 第 46 行.
NOTIC: [8] Undefined index: city /Applications/MAMP/htdocs/yemao/Index/Lib/Action/AddressAction.class.php 第 47 行.
NOTIC: [8] Undefined index: school /Applications/MAMP/htdocs/yemao/Index/Lib/Action/AddressAction.class.php 第 48 行.
NOTIC: [8] Undefined index: id /Applications/MAMP/htdocs/yemao/Index/Lib/Action/AddressAction.class.php 第 45 行.
NOTIC: [8] Undefined index: area /Applications/MAMP/htdocs/yemao/Index/Lib/Action/AddressAction.class.php 第 46 行.
NOTIC: [8] Undefined index: city /Applications/MAMP/htdocs/yemao/Index/Lib/Action/AddressAction.class.php 第 47 行.
NOTIC: [8] Undefined index: school /Applications/MAMP/htdocs/yemao/Index/Lib/Action/AddressAction.class.php 第 48 行.
NOTIC: [8] Undefined index: id /Applications/MAMP/htdocs/yemao/Index/Lib/Action/AddressAction.class.php 第 45 行.
NOTIC: [8] Undefined index: area /Applications/MAMP/htdocs/yemao/Index/Lib/Action/AddressAction.class.php 第 46 行.
NOTIC: [8] Undefined index: city /Applications/MAMP/htdocs/yemao/Index/Lib/Action/AddressAction.class.php 第 47 行.
NOTIC: [8] Undefined index: school /Applications/MAMP/htdocs/yemao/Index/Lib/Action/AddressAction.class.php 第 48 行.
NOTIC: [8] Undefined index: id /Applications/MAMP/htdocs/yemao/Index/Lib/Action/AddressAction.class.php 第 45 行.
NOTIC: [8] Undefined index: area /Applications/MAMP/htdocs/yemao/Index/Lib/Action/AddressAction.class.php 第 46 行.
NOTIC: [8] Undefined index: city /Applications/MAMP/htdocs/yemao/Index/Lib/Action/AddressAction.class.php 第 47 行.
NOTIC: [8] Undefined index: school /Applications/MAMP/htdocs/yemao/Index/Lib/Action/AddressAction.class.php 第 48 行.
NOTIC: [8] Undefined index: id /Applications/MAMP/htdocs/yemao/Index/Lib/Action/AddressAction.class.php 第 45 行.
NOTIC: [8] Undefined index: area /Applications/MAMP/htdocs/yemao/Index/Lib/Action/AddressAction.class.php 第 46 行.
NOTIC: [8] Undefined index: city /Applications/MAMP/htdocs/yemao/Index/Lib/Action/AddressAction.class.php 第 47 行.
NOTIC: [8] Undefined index: school /Applications/MAMP/htdocs/yemao/Index/Lib/Action/AddressAction.class.php 第 48 行.
NOTIC: [8] Undefined index: id /Applications/MAMP/htdocs/yemao/Index/Lib/Action/AddressAction.class.php 第 45 行.
NOTIC: [8] Undefined index: area /Applications/MAMP/htdocs/yemao/Index/Lib/Action/AddressAction.class.php 第 46 行.
NOTIC: [8] Undefined index: city /Applications/MAMP/htdocs/yemao/Index/Lib/Action/AddressAction.class.php 第 47 行.
NOTIC: [8] Undefined index: school /Applications/MAMP/htdocs/yemao/Index/Lib/Action/AddressAction.class.php 第 48 行.
NOTIC: [8] Undefined index: id /Applications/MAMP/htdocs/yemao/Index/Lib/Action/AddressAction.class.php 第 45 行.
NOTIC: [8] Undefined index: area /Applications/MAMP/htdocs/yemao/Index/Lib/Action/AddressAction.class.php 第 46 行.
NOTIC: [8] Undefined index: city /Applications/MAMP/htdocs/yemao/Index/Lib/Action/AddressAction.class.php 第 47 行.
NOTIC: [8] Undefined index: school /Applications/MAMP/htdocs/yemao/Index/Lib/Action/AddressAction.class.php 第 48 行.
NOTIC: [8] Undefined index: id /Applications/MAMP/htdocs/yemao/Index/Lib/Action/AddressAction.class.php 第 45 行.
NOTIC: [8] Undefined index: area /Applications/MAMP/htdocs/yemao/Index/Lib/Action/AddressAction.class.php 第 46 行.
NOTIC: [8] Undefined index: city /Applications/MAMP/htdocs/yemao/Index/Lib/Action/AddressAction.class.php 第 47 行.
NOTIC: [8] Undefined index: school /Applications/MAMP/htdocs/yemao/Index/Lib/Action/AddressAction.class.php 第 48 行.
NOTIC: [8] Undefined index: id /Applications/MAMP/htdocs/yemao/Index/Lib/Action/AddressAction.class.php 第 45 行.
NOTIC: [8] Undefined index: area /Applications/MAMP/htdocs/yemao/Index/Lib/Action/AddressAction.class.php 第 46 行.
NOTIC: [8] Undefined index: city /Applications/MAMP/htdocs/yemao/Index/Lib/Action/AddressAction.class.php 第 47 行.
NOTIC: [8] Undefined index: school /Applications/MAMP/htdocs/yemao/Index/Lib/Action/AddressAction.class.php 第 48 行.
NOTIC: [8] Undefined index: id /Applications/MAMP/htdocs/yemao/Index/Lib/Action/AddressAction.class.php 第 45 行.
NOTIC: [8] Undefined index: area /Applications/MAMP/htdocs/yemao/Index/Lib/Action/AddressAction.class.php 第 46 行.
NOTIC: [8] Undefined index: city /Applications/MAMP/htdocs/yemao/Index/Lib/Action/AddressAction.class.php 第 47 行.
NOTIC: [8] Undefined index: school /Applications/MAMP/htdocs/yemao/Index/Lib/Action/AddressAction.class.php 第 48 行.
NOTIC: [8] Undefined index: id /Applications/MAMP/htdocs/yemao/Index/Lib/Action/AddressAction.class.php 第 45 行.
NOTIC: [8] Undefined index: area /Applications/MAMP/htdocs/yemao/Index/Lib/Action/AddressAction.class.php 第 46 行.
NOTIC: [8] Undefined index: city /Applications/MAMP/htdocs/yemao/Index/Lib/Action/AddressAction.class.php 第 47 行.
NOTIC: [8] Undefined index: school /Applications/MAMP/htdocs/yemao/Index/Lib/Action/AddressAction.class.php 第 48 行.

[ 2017-03-16T14:59:46+08:00 ] 0.0.0.0 /yemao/index.php?m=Address&a=index
INFO: [ app_begin ] --START--
INFO: ReadHtmlCache Behavior ::run [ RunTime:0.001392s ]
INFO: [ app_begin ] --END-- [ RunTime:0.001835s ]
NOTIC: [8192] mysql_connect(): The mysql extension is deprecated and will be removed in the future: use mysqli or PDO instead /Applications/MAMP/htdocs/yemao/ThinkPHP/Lib/Driver/Db/DbMysql.class.php 第 55 行.
SQL: SHOW COLUMNS FROM `address` [ RunTime:0.001177s ]
NOTIC: [8192] preg_replace(): The /e modifier is deprecated, use preg_replace_callback instead /Applications/MAMP/htdocs/yemao/ThinkPHP/Lib/Core/Db.class.php 第 605 行.
SQL: SELECT * FROM `address`  [ RunTime:0.000455s ]

[ 2017-03-16T15:02:45+08:00 ] 0.0.0.0 /yemao/index.php?m=Address&a=index
INFO: [ app_begin ] --START--
INFO: ReadHtmlCache Behavior ::run [ RunTime:0.001116s ]
INFO: [ app_begin ] --END-- [ RunTime:0.001461s ]
NOTIC: [8192] mysql_connect(): The mysql extension is deprecated and will be removed in the future: use mysqli or PDO instead /Applications/MAMP/htdocs/yemao/ThinkPHP/Lib/Driver/Db/DbMysql.class.php 第 55 行.
SQL: SHOW COLUMNS FROM `address` [ RunTime:0.007252s ]
NOTIC: [8192] preg_replace(): The /e modifier is deprecated, use preg_replace_callback instead /Applications/MAMP/htdocs/yemao/ThinkPHP/Lib/Core/Db.class.php 第 605 行.
SQL: SELECT * FROM `address`  [ RunTime:0.000683s ]

[ 2017-03-16T15:12:13+08:00 ] 0.0.0.0 /yemao/index.php?m=Address&a=index
INFO: [ app_begin ] --START--
INFO: ReadHtmlCache Behavior ::run [ RunTime:0.001049s ]
INFO: [ app_begin ] --END-- [ RunTime:0.001297s ]
NOTIC: [8192] mysql_connect(): The mysql extension is deprecated and will be removed in the future: use mysqli or PDO instead /Applications/MAMP/htdocs/yemao/ThinkPHP/Lib/Driver/Db/DbMysql.class.php 第 55 行.
SQL: SHOW COLUMNS FROM `address` [ RunTime:0.006116s ]
NOTIC: [8192] preg_replace(): The /e modifier is deprecated, use preg_replace_callback instead /Applications/MAMP/htdocs/yemao/ThinkPHP/Lib/Core/Db.class.php 第 605 行.
SQL: SELECT * FROM `address`  [ RunTime:0.000774s ]

[ 2017-03-16T15:41:27+08:00 ] 0.0.0.0 /yemao/index.php?m=Address&a=index
INFO: [ app_begin ] --START--
INFO: ReadHtmlCache Behavior ::run [ RunTime:0.000954s ]
INFO: [ app_begin ] --END-- [ RunTime:0.001146s ]
NOTIC: [8192] mysql_connect(): The mysql extension is deprecated and will be removed in the future: use mysqli or PDO instead /Applications/MAMP/htdocs/yemao/ThinkPHP/Lib/Driver/Db/DbMysql.class.php 第 55 行.
SQL: SHOW COLUMNS FROM `address` [ RunTime:0.005449s ]
NOTIC: [8192] preg_replace(): The /e modifier is deprecated, use preg_replace_callback instead /Applications/MAMP/htdocs/yemao/ThinkPHP/Lib/Core/Db.class.php 第 605 行.
SQL: SELECT * FROM `address`  [ RunTime:0.004549s ]
NOTIC: [8] Array to string conversion /Applications/MAMP/htdocs/yemao/Index/Lib/Action/AddressAction.class.php 第 50 行.

[ 2017-03-16T15:41:43+08:00 ] 0.0.0.0 /yemao/index.php?m=Index&a=index
INFO: [ app_begin ] --START--
INFO: ReadHtmlCache Behavior ::run [ RunTime:0.001134s ]
INFO: [ app_begin ] --END-- [ RunTime:0.001531s ]
NOTIC: [8] Undefined index: username /Applications/MAMP/htdocs/yemao/Index/Lib/Action/IndexAction.class.php 第 5 行.
NOTIC: [8] Undefined index: password /Applications/MAMP/htdocs/yemao/Index/Lib/Action/IndexAction.class.php 第 6 行.
NOTIC: [8192] mysql_connect(): The mysql extension is deprecated and will be removed in the future: use mysqli or PDO instead /Applications/MAMP/htdocs/yemao/ThinkPHP/Lib/Driver/Db/DbMysql.class.php 第 55 行.
SQL: SHOW COLUMNS FROM `member` [ RunTime:0.004897s ]
SQL: INSERT INTO `member` (`name`,`password`,`type`,`create_time`) VALUES (null,null,1,'20170316') [ RunTime:0.006599s ]
ERR: 1048:Column 'password' cannot be null
 [ SQL语句 ] : INSERT INTO `member` (`name`,`password`,`type`,`create_time`) VALUES (null,null,1,'20170316')

[ 2017-03-16T15:43:12+08:00 ] 0.0.0.0 /yemao/index.php?m=Index&a=index
INFO: [ app_begin ] --START--
INFO: ReadHtmlCache Behavior ::run [ RunTime:0.001156s ]
INFO: [ app_begin ] --END-- [ RunTime:0.001315s ]
NOTIC: [8192] mysql_connect(): The mysql extension is deprecated and will be removed in the future: use mysqli or PDO instead /Applications/MAMP/htdocs/yemao/ThinkPHP/Lib/Driver/Db/DbMysql.class.php 第 55 行.
SQL: SHOW COLUMNS FROM `member` [ RunTime:0.004367s ]
SQL: INSERT INTO `member` (`type`,`create_time`) VALUES (1,'20170316') [ RunTime:0.016205s ]

[ 2017-03-16T16:38:25+08:00 ] 0.0.0.0 /yemao/index.php?m=Index&a=login
INFO: [ app_begin ] --START--
INFO: ReadHtmlCache Behavior ::run [ RunTime:0.001503s ]
INFO: [ app_begin ] --END-- [ RunTime:0.001795s ]
NOTIC: [8192] mysql_connect(): The mysql extension is deprecated and will be removed in the future: use mysqli or PDO instead /Applications/MAMP/htdocs/yemao/ThinkPHP/Lib/Driver/Db/DbMysql.class.php 第 55 行.
SQL: SHOW COLUMNS FROM `member` [ RunTime:0.005631s ]
NOTIC: [8192] preg_replace(): The /e modifier is deprecated, use preg_replace_callback instead /Applications/MAMP/htdocs/yemao/ThinkPHP/Lib/Core/Db.class.php 第 605 行.
SQL: SELECT * FROM `member` WHERE ( `password` = '123456' ) LIMIT 1   [ RunTime:0.007854s ]

[ 2017-03-16T16:47:58+08:00 ] 0.0.0.0 /yemao/index.php?m=Index&a=login
INFO: [ app_begin ] --START--
INFO: ReadHtmlCache Behavior ::run [ RunTime:0.001304s ]
INFO: [ app_begin ] --END-- [ RunTime:0.001556s ]
NOTIC: [8192] mysql_connect(): The mysql extension is deprecated and will be removed in the future: use mysqli or PDO instead /Applications/MAMP/htdocs/yemao/ThinkPHP/Lib/Driver/Db/DbMysql.class.php 第 55 行.
SQL: SHOW COLUMNS FROM `member` [ RunTime:0.003814s ]
NOTIC: [8192] preg_replace(): The /e modifier is deprecated, use preg_replace_callback instead /Applications/MAMP/htdocs/yemao/ThinkPHP/Lib/Core/Db.class.php 第 605 行.
SQL: SELECT * FROM `member` WHERE ( `password` = '123456' ) LIMIT 1   [ RunTime:0.000494s ]
SQL: SHOW COLUMNS FROM `member_account` [ RunTime:0.001138s ]
NOTIC: [8192] preg_replace(): The /e modifier is deprecated, use preg_replace_callback instead /Applications/MAMP/htdocs/yemao/ThinkPHP/Lib/Core/Db.class.php 第 605 行.
SQL: SELECT * FROM `member_account` WHERE ( `member_id` = 2 ) LIMIT 1   [ RunTime:0.002145s ]

[ 2017-03-16T16:48:56+08:00 ] 0.0.0.0 /yemao/index.php?m=Index&a=login
INFO: [ app_begin ] --START--
INFO: ReadHtmlCache Behavior ::run [ RunTime:0.000480s ]
INFO: [ app_begin ] --END-- [ RunTime:0.000598s ]
NOTIC: [8192] mysql_connect(): The mysql extension is deprecated and will be removed in the future: use mysqli or PDO instead /Applications/MAMP/htdocs/yemao/ThinkPHP/Lib/Driver/Db/DbMysql.class.php 第 55 行.
SQL: SHOW COLUMNS FROM `member` [ RunTime:0.003115s ]
NOTIC: [8192] preg_replace(): The /e modifier is deprecated, use preg_replace_callback instead /Applications/MAMP/htdocs/yemao/ThinkPHP/Lib/Core/Db.class.php 第 605 行.
SQL: SELECT * FROM `member` WHERE ( `password` = 'EFG@AB' ) LIMIT 1   [ RunTime:0.001938s ]
SQL: SHOW COLUMNS FROM `member_account` [ RunTime:0.003596s ]
NOTIC: [8192] preg_replace(): The /e modifier is deprecated, use preg_replace_callback instead /Applications/MAMP/htdocs/yemao/ThinkPHP/Lib/Core/Db.class.php 第 605 行.
SQL: SELECT * FROM `member_account` WHERE ( `member_id` = 8 ) LIMIT 1   [ RunTime:0.000606s ]

[ 2017-03-16T16:50:25+08:00 ] 0.0.0.0 /yemao/index.php?m=Index&a=login
INFO: [ app_begin ] --START--
INFO: ReadHtmlCache Behavior ::run [ RunTime:0.000536s ]
INFO: [ app_begin ] --END-- [ RunTime:0.000661s ]
NOTIC: [8192] mysql_connect(): The mysql extension is deprecated and will be removed in the future: use mysqli or PDO instead /Applications/MAMP/htdocs/yemao/ThinkPHP/Lib/Driver/Db/DbMysql.class.php 第 55 行.
SQL: SHOW COLUMNS FROM `member` [ RunTime:0.001428s ]
NOTIC: [8192] preg_replace(): The /e modifier is deprecated, use preg_replace_callback instead /Applications/MAMP/htdocs/yemao/ThinkPHP/Lib/Core/Db.class.php 第 605 行.
SQL: SELECT * FROM `member` WHERE ( `password` = 'EFG@AB' ) LIMIT 1   [ RunTime:0.002236s ]
SQL: SHOW COLUMNS FROM `member_account` [ RunTime:0.004140s ]
NOTIC: [8192] preg_replace(): The /e modifier is deprecated, use preg_replace_callback instead /Applications/MAMP/htdocs/yemao/ThinkPHP/Lib/Core/Db.class.php 第 605 行.
SQL: SELECT * FROM `member_account` WHERE ( `member_id` = 8 ) LIMIT 1   [ RunTime:0.001484s ]

[ 2017-03-16T16:50:27+08:00 ] 0.0.0.0 /yemao/index.php?m=Index&a=login
INFO: [ app_begin ] --START--
INFO: ReadHtmlCache Behavior ::run [ RunTime:0.000628s ]
INFO: [ app_begin ] --END-- [ RunTime:0.000728s ]
NOTIC: [8192] mysql_connect(): The mysql extension is deprecated and will be removed in the future: use mysqli or PDO instead /Applications/MAMP/htdocs/yemao/ThinkPHP/Lib/Driver/Db/DbMysql.class.php 第 55 行.
SQL: SHOW COLUMNS FROM `member` [ RunTime:0.001868s ]
NOTIC: [8192] preg_replace(): The /e modifier is deprecated, use preg_replace_callback instead /Applications/MAMP/htdocs/yemao/ThinkPHP/Lib/Core/Db.class.php 第 605 行.
SQL: SELECT * FROM `member` WHERE ( `password` = 'EFG@AB' ) LIMIT 1   [ RunTime:0.000382s ]
SQL: SHOW COLUMNS FROM `member_account` [ RunTime:0.000993s ]
NOTIC: [8192] preg_replace(): The /e modifier is deprecated, use preg_replace_callback instead /Applications/MAMP/htdocs/yemao/ThinkPHP/Lib/Core/Db.class.php 第 605 行.
SQL: SELECT * FROM `member_account` WHERE ( `member_id` = 8 ) LIMIT 1   [ RunTime:0.000291s ]

[ 2017-03-16T16:50:28+08:00 ] 0.0.0.0 /yemao/index.php?m=Index&a=login
INFO: [ app_begin ] --START--
INFO: ReadHtmlCache Behavior ::run [ RunTime:0.000392s ]
INFO: [ app_begin ] --END-- [ RunTime:0.000465s ]
NOTIC: [8192] mysql_connect(): The mysql extension is deprecated and will be removed in the future: use mysqli or PDO instead /Applications/MAMP/htdocs/yemao/ThinkPHP/Lib/Driver/Db/DbMysql.class.php 第 55 行.
SQL: SHOW COLUMNS FROM `member` [ RunTime:0.002933s ]
NOTIC: [8192] preg_replace(): The /e modifier is deprecated, use preg_replace_callback instead /Applications/MAMP/htdocs/yemao/ThinkPHP/Lib/Core/Db.class.php 第 605 行.
SQL: SELECT * FROM `member` WHERE ( `password` = 'EFG@AB' ) LIMIT 1   [ RunTime:0.000379s ]
SQL: SHOW COLUMNS FROM `member_account` [ RunTime:0.001064s ]
NOTIC: [8192] preg_replace(): The /e modifier is deprecated, use preg_replace_callback instead /Applications/MAMP/htdocs/yemao/ThinkPHP/Lib/Core/Db.class.php 第 605 行.
SQL: SELECT * FROM `member_account` WHERE ( `member_id` = 8 ) LIMIT 1   [ RunTime:0.000268s ]

[ 2017-03-16T16:50:40+08:00 ] 0.0.0.0 /yemao/index.php?m=Index&a=login
INFO: [ app_begin ] --START--
INFO: ReadHtmlCache Behavior ::run [ RunTime:0.000533s ]
INFO: [ app_begin ] --END-- [ RunTime:0.000667s ]
NOTIC: [8192] mysql_connect(): The mysql extension is deprecated and will be removed in the future: use mysqli or PDO instead /Applications/MAMP/htdocs/yemao/ThinkPHP/Lib/Driver/Db/DbMysql.class.php 第 55 行.
SQL: SHOW COLUMNS FROM `member` [ RunTime:0.001543s ]
NOTIC: [8192] preg_replace(): The /e modifier is deprecated, use preg_replace_callback instead /Applications/MAMP/htdocs/yemao/ThinkPHP/Lib/Core/Db.class.php 第 605 行.
SQL: SELECT * FROM `member` WHERE ( `password` = 'EFG@AB' ) LIMIT 1   [ RunTime:0.000417s ]
SQL: SHOW COLUMNS FROM `member_account` [ RunTime:0.001152s ]
NOTIC: [8192] preg_replace(): The /e modifier is deprecated, use preg_replace_callback instead /Applications/MAMP/htdocs/yemao/ThinkPHP/Lib/Core/Db.class.php 第 605 行.
SQL: SELECT * FROM `member_account` WHERE ( `member_id` = 8 ) LIMIT 1   [ RunTime:0.002789s ]

[ 2017-03-16T16:51:09+08:00 ] 0.0.0.0 /yemao/index.php?m=Index&a=login
INFO: [ app_begin ] --START--
INFO: ReadHtmlCache Behavior ::run [ RunTime:0.000569s ]
INFO: [ app_begin ] --END-- [ RunTime:0.000700s ]
NOTIC: [8192] mysql_connect(): The mysql extension is deprecated and will be removed in the future: use mysqli or PDO instead /Applications/MAMP/htdocs/yemao/ThinkPHP/Lib/Driver/Db/DbMysql.class.php 第 55 行.
SQL: SHOW COLUMNS FROM `member` [ RunTime:0.005095s ]
NOTIC: [8192] preg_replace(): The /e modifier is deprecated, use preg_replace_callback instead /Applications/MAMP/htdocs/yemao/ThinkPHP/Lib/Core/Db.class.php 第 605 行.
SQL: SELECT * FROM `member` WHERE ( `password` = 'EFAF@' ) LIMIT 1   [ RunTime:0.000341s ]
SQL: SHOW COLUMNS FROM `member_account` [ RunTime:0.000882s ]
NOTIC: [8192] preg_replace(): The /e modifier is deprecated, use preg_replace_callback instead /Applications/MAMP/htdocs/yemao/ThinkPHP/Lib/Core/Db.class.php 第 605 行.
SQL: SELECT * FROM `member_account` WHERE ( `member_id` = 12 ) LIMIT 1   [ RunTime:0.000194s ]

[ 2017-03-16T16:51:26+08:00 ] 0.0.0.0 /yemao/index.php?m=Index&a=login
INFO: [ app_begin ] --START--
INFO: ReadHtmlCache Behavior ::run [ RunTime:0.000409s ]
INFO: [ app_begin ] --END-- [ RunTime:0.000488s ]
NOTIC: [8192] mysql_connect(): The mysql extension is deprecated and will be removed in the future: use mysqli or PDO instead /Applications/MAMP/htdocs/yemao/ThinkPHP/Lib/Driver/Db/DbMysql.class.php 第 55 行.
SQL: SHOW COLUMNS FROM `member` [ RunTime:0.001269s ]
NOTIC: [8192] preg_replace(): The /e modifier is deprecated, use preg_replace_callback instead /Applications/MAMP/htdocs/yemao/ThinkPHP/Lib/Core/Db.class.php 第 605 行.
SQL: SELECT * FROM `member` WHERE ( `password` = 'EFAF@' ) LIMIT 1   [ RunTime:0.000398s ]
SQL: SHOW COLUMNS FROM `member_account` [ RunTime:0.001480s ]
NOTIC: [8192] preg_replace(): The /e modifier is deprecated, use preg_replace_callback instead /Applications/MAMP/htdocs/yemao/ThinkPHP/Lib/Core/Db.class.php 第 605 行.
SQL: SELECT * FROM `member_account` WHERE ( `member_id` = 12 ) LIMIT 1   [ RunTime:0.000287s ]

[ 2017-03-16T16:52:13+08:00 ] 0.0.0.0 /yemao/index.php?m=Index&a=login
INFO: [ app_begin ] --START--
INFO: ReadHtmlCache Behavior ::run [ RunTime:0.000630s ]
INFO: [ app_begin ] --END-- [ RunTime:0.000796s ]
NOTIC: [8192] mysql_connect(): The mysql extension is deprecated and will be removed in the future: use mysqli or PDO instead /Applications/MAMP/htdocs/yemao/ThinkPHP/Lib/Driver/Db/DbMysql.class.php 第 55 行.
SQL: SHOW COLUMNS FROM `member` [ RunTime:0.001601s ]
NOTIC: [8192] preg_replace(): The /e modifier is deprecated, use preg_replace_callback instead /Applications/MAMP/htdocs/yemao/ThinkPHP/Lib/Core/Db.class.php 第 605 行.
SQL: SELECT * FROM `member` WHERE ( `password` = 'EFAF@' ) LIMIT 1   [ RunTime:0.001153s ]
SQL: SHOW COLUMNS FROM `member_account` [ RunTime:0.002181s ]
NOTIC: [8192] preg_replace(): The /e modifier is deprecated, use preg_replace_callback instead /Applications/MAMP/htdocs/yemao/ThinkPHP/Lib/Core/Db.class.php 第 605 行.
SQL: SELECT * FROM `member_account` WHERE ( `member_id` = 12 ) LIMIT 1   [ RunTime:0.000494s ]

[ 2017-03-16T16:52:16+08:00 ] 0.0.0.0 /yemao/index.php?m=Index&a=login
INFO: [ app_begin ] --START--
INFO: ReadHtmlCache Behavior ::run [ RunTime:0.000410s ]
INFO: [ app_begin ] --END-- [ RunTime:0.000489s ]
NOTIC: [8192] mysql_connect(): The mysql extension is deprecated and will be removed in the future: use mysqli or PDO instead /Applications/MAMP/htdocs/yemao/ThinkPHP/Lib/Driver/Db/DbMysql.class.php 第 55 行.
SQL: SHOW COLUMNS FROM `member` [ RunTime:0.009921s ]
NOTIC: [8192] preg_replace(): The /e modifier is deprecated, use preg_replace_callback instead /Applications/MAMP/htdocs/yemao/ThinkPHP/Lib/Core/Db.class.php 第 605 行.
SQL: SELECT * FROM `member` WHERE ( `password` = 'EFAF@' ) LIMIT 1   [ RunTime:0.000640s ]
SQL: SHOW COLUMNS FROM `member_account` [ RunTime:0.001373s ]
NOTIC: [8192] preg_replace(): The /e modifier is deprecated, use preg_replace_callback instead /Applications/MAMP/htdocs/yemao/ThinkPHP/Lib/Core/Db.class.php 第 605 行.
SQL: SELECT * FROM `member_account` WHERE ( `member_id` = 12 ) LIMIT 1   [ RunTime:0.002203s ]

[ 2017-03-16T16:52:47+08:00 ] 0.0.0.0 /yemao/index.php?m=Index&a=login
INFO: [ app_begin ] --START--
INFO: ReadHtmlCache Behavior ::run [ RunTime:0.000490s ]
INFO: [ app_begin ] --END-- [ RunTime:0.000606s ]
NOTIC: [8192] mysql_connect(): The mysql extension is deprecated and will be removed in the future: use mysqli or PDO instead /Applications/MAMP/htdocs/yemao/ThinkPHP/Lib/Driver/Db/DbMysql.class.php 第 55 行.
SQL: SHOW COLUMNS FROM `member` [ RunTime:0.002061s ]
NOTIC: [8192] preg_replace(): The /e modifier is deprecated, use preg_replace_callback instead /Applications/MAMP/htdocs/yemao/ThinkPHP/Lib/Core/Db.class.php 第 605 行.
SQL: SELECT * FROM `member` WHERE ( `password` = 'EFAF@' ) LIMIT 1   [ RunTime:0.000486s ]
SQL: SHOW COLUMNS FROM `member_account` [ RunTime:0.003518s ]
NOTIC: [8192] preg_replace(): The /e modifier is deprecated, use preg_replace_callback instead /Applications/MAMP/htdocs/yemao/ThinkPHP/Lib/Core/Db.class.php 第 605 行.
SQL: SELECT * FROM `member_account` WHERE ( `member_id` = 12 ) LIMIT 1   [ RunTime:0.000266s ]

[ 2017-03-16T16:52:50+08:00 ] 0.0.0.0 /yemao/index.php?m=Index&a=login
INFO: [ app_begin ] --START--
INFO: ReadHtmlCache Behavior ::run [ RunTime:0.000422s ]
INFO: [ app_begin ] --END-- [ RunTime:0.000510s ]
NOTIC: [8192] mysql_connect(): The mysql extension is deprecated and will be removed in the future: use mysqli or PDO instead /Applications/MAMP/htdocs/yemao/ThinkPHP/Lib/Driver/Db/DbMysql.class.php 第 55 行.
SQL: SHOW COLUMNS FROM `member` [ RunTime:0.010449s ]
NOTIC: [8192] preg_replace(): The /e modifier is deprecated, use preg_replace_callback instead /Applications/MAMP/htdocs/yemao/ThinkPHP/Lib/Core/Db.class.php 第 605 行.
SQL: SELECT * FROM `member` WHERE ( `password` = 'EFAF@' ) LIMIT 1   [ RunTime:0.000427s ]
SQL: SHOW COLUMNS FROM `member_account` [ RunTime:0.001066s ]
NOTIC: [8192] preg_replace(): The /e modifier is deprecated, use preg_replace_callback instead /Applications/MAMP/htdocs/yemao/ThinkPHP/Lib/Core/Db.class.php 第 605 行.
SQL: SELECT * FROM `member_account` WHERE ( `member_id` = 12 ) LIMIT 1   [ RunTime:0.000338s ]

[ 2017-03-16T16:52:51+08:00 ] 0.0.0.0 /yemao/index.php?m=Index&a=login
INFO: [ app_begin ] --START--
INFO: ReadHtmlCache Behavior ::run [ RunTime:0.000439s ]
INFO: [ app_begin ] --END-- [ RunTime:0.000529s ]
NOTIC: [8192] mysql_connect(): The mysql extension is deprecated and will be removed in the future: use mysqli or PDO instead /Applications/MAMP/htdocs/yemao/ThinkPHP/Lib/Driver/Db/DbMysql.class.php 第 55 行.
SQL: SHOW COLUMNS FROM `member` [ RunTime:0.011013s ]
NOTIC: [8192] preg_replace(): The /e modifier is deprecated, use preg_replace_callback instead /Applications/MAMP/htdocs/yemao/ThinkPHP/Lib/Core/Db.class.php 第 605 行.
SQL: SELECT * FROM `member` WHERE ( `password` = 'EFAF@' ) LIMIT 1   [ RunTime:0.000548s ]
SQL: SHOW COLUMNS FROM `member_account` [ RunTime:0.001089s ]
NOTIC: [8192] preg_replace(): The /e modifier is deprecated, use preg_replace_callback instead /Applications/MAMP/htdocs/yemao/ThinkPHP/Lib/Core/Db.class.php 第 605 行.
SQL: SELECT * FROM `member_account` WHERE ( `member_id` = 12 ) LIMIT 1   [ RunTime:0.000306s ]

[ 2017-03-16T16:52:52+08:00 ] 0.0.0.0 /yemao/index.php?m=Index&a=login
INFO: [ app_begin ] --START--
INFO: ReadHtmlCache Behavior ::run [ RunTime:0.000394s ]
INFO: [ app_begin ] --END-- [ RunTime:0.000470s ]
NOTIC: [8192] mysql_connect(): The mysql extension is deprecated and will be removed in the future: use mysqli or PDO instead /Applications/MAMP/htdocs/yemao/ThinkPHP/Lib/Driver/Db/DbMysql.class.php 第 55 行.
SQL: SHOW COLUMNS FROM `member` [ RunTime:0.010558s ]
NOTIC: [8192] preg_replace(): The /e modifier is deprecated, use preg_replace_callback instead /Applications/MAMP/htdocs/yemao/ThinkPHP/Lib/Core/Db.class.php 第 605 行.
SQL: SELECT * FROM `member` WHERE ( `password` = 'EFAF@' ) LIMIT 1   [ RunTime:0.000850s ]
SQL: SHOW COLUMNS FROM `member_account` [ RunTime:0.001630s ]
NOTIC: [8192] preg_replace(): The /e modifier is deprecated, use preg_replace_callback instead /Applications/MAMP/htdocs/yemao/ThinkPHP/Lib/Core/Db.class.php 第 605 行.
SQL: SELECT * FROM `member_account` WHERE ( `member_id` = 12 ) LIMIT 1   [ RunTime:0.000344s ]

[ 2017-03-16T16:52:53+08:00 ] 0.0.0.0 /yemao/index.php?m=Index&a=login
INFO: [ app_begin ] --START--
INFO: ReadHtmlCache Behavior ::run [ RunTime:0.000420s ]
INFO: [ app_begin ] --END-- [ RunTime:0.000498s ]
NOTIC: [8192] mysql_connect(): The mysql extension is deprecated and will be removed in the future: use mysqli or PDO instead /Applications/MAMP/htdocs/yemao/ThinkPHP/Lib/Driver/Db/DbMysql.class.php 第 55 行.
SQL: SHOW COLUMNS FROM `member` [ RunTime:0.010540s ]
NOTIC: [8192] preg_replace(): The /e modifier is deprecated, use preg_replace_callback instead /Applications/MAMP/htdocs/yemao/ThinkPHP/Lib/Core/Db.class.php 第 605 行.
SQL: SELECT * FROM `member` WHERE ( `password` = 'EFAF@' ) LIMIT 1   [ RunTime:0.000408s ]
SQL: SHOW COLUMNS FROM `member_account` [ RunTime:0.001023s ]
NOTIC: [8192] preg_replace(): The /e modifier is deprecated, use preg_replace_callback instead /Applications/MAMP/htdocs/yemao/ThinkPHP/Lib/Core/Db.class.php 第 605 行.
SQL: SELECT * FROM `member_account` WHERE ( `member_id` = 12 ) LIMIT 1   [ RunTime:0.000303s ]

[ 2017-03-16T16:52:54+08:00 ] 0.0.0.0 /yemao/index.php?m=Index&a=login
INFO: [ app_begin ] --START--
INFO: ReadHtmlCache Behavior ::run [ RunTime:0.000535s ]
INFO: [ app_begin ] --END-- [ RunTime:0.000619s ]
NOTIC: [8192] mysql_connect(): The mysql extension is deprecated and will be removed in the future: use mysqli or PDO instead /Applications/MAMP/htdocs/yemao/ThinkPHP/Lib/Driver/Db/DbMysql.class.php 第 55 行.
SQL: SHOW COLUMNS FROM `member` [ RunTime:0.009756s ]
NOTIC: [8192] preg_replace(): The /e modifier is deprecated, use preg_replace_callback instead /Applications/MAMP/htdocs/yemao/ThinkPHP/Lib/Core/Db.class.php 第 605 行.
SQL: SELECT * FROM `member` WHERE ( `password` = 'EFAF@' ) LIMIT 1   [ RunTime:0.001241s ]
SQL: SHOW COLUMNS FROM `member_account` [ RunTime:0.002191s ]
NOTIC: [8192] preg_replace(): The /e modifier is deprecated, use preg_replace_callback instead /Applications/MAMP/htdocs/yemao/ThinkPHP/Lib/Core/Db.class.php 第 605 行.
SQL: SELECT * FROM `member_account` WHERE ( `member_id` = 12 ) LIMIT 1   [ RunTime:0.000281s ]

[ 2017-03-16T16:53:34+08:00 ] 0.0.0.0 /yemao/index.php?m=Index&a=login
INFO: [ app_begin ] --START--
INFO: ReadHtmlCache Behavior ::run [ RunTime:0.000489s ]
INFO: [ app_begin ] --END-- [ RunTime:0.000606s ]
NOTIC: [8192] mysql_connect(): The mysql extension is deprecated and will be removed in the future: use mysqli or PDO instead /Applications/MAMP/htdocs/yemao/ThinkPHP/Lib/Driver/Db/DbMysql.class.php 第 55 行.
SQL: SHOW COLUMNS FROM `member` [ RunTime:0.001344s ]
NOTIC: [8192] preg_replace(): The /e modifier is deprecated, use preg_replace_callback instead /Applications/MAMP/htdocs/yemao/ThinkPHP/Lib/Core/Db.class.php 第 605 行.
SQL: SELECT * FROM `member` WHERE ( `password` = 'EFAF@' ) LIMIT 1   [ RunTime:0.000999s ]
SQL: SHOW COLUMNS FROM `member_account` [ RunTime:0.005059s ]
NOTIC: [8192] preg_replace(): The /e modifier is deprecated, use preg_replace_callback instead /Applications/MAMP/htdocs/yemao/ThinkPHP/Lib/Core/Db.class.php 第 605 行.
SQL: SELECT * FROM `member_account` WHERE ( `member_id` = 12 ) LIMIT 1   [ RunTime:0.001484s ]

[ 2017-03-16T16:53:38+08:00 ] 0.0.0.0 /yemao/index.php?m=Index&a=login
INFO: [ app_begin ] --START--
INFO: ReadHtmlCache Behavior ::run [ RunTime:0.000504s ]
INFO: [ app_begin ] --END-- [ RunTime:0.000584s ]
NOTIC: [8192] mysql_connect(): The mysql extension is deprecated and will be removed in the future: use mysqli or PDO instead /Applications/MAMP/htdocs/yemao/ThinkPHP/Lib/Driver/Db/DbMysql.class.php 第 55 行.
SQL: SHOW COLUMNS FROM `member` [ RunTime:0.009097s ]
NOTIC: [8192] preg_replace(): The /e modifier is deprecated, use preg_replace_callback instead /Applications/MAMP/htdocs/yemao/ThinkPHP/Lib/Core/Db.class.php 第 605 行.
SQL: SELECT * FROM `member` WHERE ( `password` = 'EFAF@' ) LIMIT 1   [ RunTime:0.000379s ]
SQL: SHOW COLUMNS FROM `member_account` [ RunTime:0.001451s ]
NOTIC: [8192] preg_replace(): The /e modifier is deprecated, use preg_replace_callback instead /Applications/MAMP/htdocs/yemao/ThinkPHP/Lib/Core/Db.class.php 第 605 行.
SQL: SELECT * FROM `member_account` WHERE ( `member_id` = 12 ) LIMIT 1   [ RunTime:0.000296s ]

[ 2017-03-16T16:53:39+08:00 ] 0.0.0.0 /yemao/index.php?m=Index&a=login
INFO: [ app_begin ] --START--
INFO: ReadHtmlCache Behavior ::run [ RunTime:0.000401s ]
INFO: [ app_begin ] --END-- [ RunTime:0.000477s ]
NOTIC: [8192] mysql_connect(): The mysql extension is deprecated and will be removed in the future: use mysqli or PDO instead /Applications/MAMP/htdocs/yemao/ThinkPHP/Lib/Driver/Db/DbMysql.class.php 第 55 行.
SQL: SHOW COLUMNS FROM `member` [ RunTime:0.001383s ]
NOTIC: [8192] preg_replace(): The /e modifier is deprecated, use preg_replace_callback instead /Applications/MAMP/htdocs/yemao/ThinkPHP/Lib/Core/Db.class.php 第 605 行.
SQL: SELECT * FROM `member` WHERE ( `password` = 'EFAF@' ) LIMIT 1   [ RunTime:0.001052s ]
SQL: SHOW COLUMNS FROM `member_account` [ RunTime:0.002250s ]
NOTIC: [8192] preg_replace(): The /e modifier is deprecated, use preg_replace_callback instead /Applications/MAMP/htdocs/yemao/ThinkPHP/Lib/Core/Db.class.php 第 605 行.
SQL: SELECT * FROM `member_account` WHERE ( `member_id` = 12 ) LIMIT 1   [ RunTime:0.000624s ]

[ 2017-03-16T16:53:40+08:00 ] 0.0.0.0 /yemao/index.php?m=Index&a=login
INFO: [ app_begin ] --START--
INFO: ReadHtmlCache Behavior ::run [ RunTime:0.000506s ]
INFO: [ app_begin ] --END-- [ RunTime:0.000592s ]
NOTIC: [8192] mysql_connect(): The mysql extension is deprecated and will be removed in the future: use mysqli or PDO instead /Applications/MAMP/htdocs/yemao/ThinkPHP/Lib/Driver/Db/DbMysql.class.php 第 55 行.
SQL: SHOW COLUMNS FROM `member` [ RunTime:0.011238s ]
NOTIC: [8192] preg_replace(): The /e modifier is deprecated, use preg_replace_callback instead /Applications/MAMP/htdocs/yemao/ThinkPHP/Lib/Core/Db.class.php 第 605 行.
SQL: SELECT * FROM `member` WHERE ( `password` = 'EFAF@' ) LIMIT 1   [ RunTime:0.000550s ]
SQL: SHOW COLUMNS FROM `member_account` [ RunTime:0.001055s ]
NOTIC: [8192] preg_replace(): The /e modifier is deprecated, use preg_replace_callback instead /Applications/MAMP/htdocs/yemao/ThinkPHP/Lib/Core/Db.class.php 第 605 行.
SQL: SELECT * FROM `member_account` WHERE ( `member_id` = 12 ) LIMIT 1   [ RunTime:0.000305s ]

[ 2017-03-16T16:53:41+08:00 ] 0.0.0.0 /yemao/index.php?m=Index&a=login
INFO: [ app_begin ] --START--
INFO: ReadHtmlCache Behavior ::run [ RunTime:0.000395s ]
INFO: [ app_begin ] --END-- [ RunTime:0.000468s ]
NOTIC: [8192] mysql_connect(): The mysql extension is deprecated and will be removed in the future: use mysqli or PDO instead /Applications/MAMP/htdocs/yemao/ThinkPHP/Lib/Driver/Db/DbMysql.class.php 第 55 行.
SQL: SHOW COLUMNS FROM `member` [ RunTime:0.011456s ]
NOTIC: [8192] preg_replace(): The /e modifier is deprecated, use preg_replace_callback instead /Applications/MAMP/htdocs/yemao/ThinkPHP/Lib/Core/Db.class.php 第 605 行.
SQL: SELECT * FROM `member` WHERE ( `password` = 'EFAF@' ) LIMIT 1   [ RunTime:0.001443s ]
SQL: SHOW COLUMNS FROM `member_account` [ RunTime:0.001191s ]
NOTIC: [8192] preg_replace(): The /e modifier is deprecated, use preg_replace_callback instead /Applications/MAMP/htdocs/yemao/ThinkPHP/Lib/Core/Db.class.php 第 605 行.
SQL: SELECT * FROM `member_account` WHERE ( `member_id` = 12 ) LIMIT 1   [ RunTime:0.000284s ]

[ 2017-03-16T16:53:42+08:00 ] 0.0.0.0 /yemao/index.php?m=Index&a=login
INFO: [ app_begin ] --START--
INFO: ReadHtmlCache Behavior ::run [ RunTime:0.000398s ]
INFO: [ app_begin ] --END-- [ RunTime:0.000471s ]
NOTIC: [8192] mysql_connect(): The mysql extension is deprecated and will be removed in the future: use mysqli or PDO instead /Applications/MAMP/htdocs/yemao/ThinkPHP/Lib/Driver/Db/DbMysql.class.php 第 55 行.
SQL: SHOW COLUMNS FROM `member` [ RunTime:0.010205s ]
NOTIC: [8192] preg_replace(): The /e modifier is deprecated, use preg_replace_callback instead /Applications/MAMP/htdocs/yemao/ThinkPHP/Lib/Core/Db.class.php 第 605 行.
SQL: SELECT * FROM `member` WHERE ( `password` = 'EFAF@' ) LIMIT 1   [ RunTime:0.000903s ]
SQL: SHOW COLUMNS FROM `member_account` [ RunTime:0.001139s ]
NOTIC: [8192] preg_replace(): The /e modifier is deprecated, use preg_replace_callback instead /Applications/MAMP/htdocs/yemao/ThinkPHP/Lib/Core/Db.class.php 第 605 行.
SQL: SELECT * FROM `member_account` WHERE ( `member_id` = 12 ) LIMIT 1   [ RunTime:0.000276s ]

[ 2017-03-16T16:53:42+08:00 ] 0.0.0.0 /yemao/index.php?m=Index&a=login
INFO: [ app_begin ] --START--
INFO: ReadHtmlCache Behavior ::run [ RunTime:0.000522s ]
INFO: [ app_begin ] --END-- [ RunTime:0.000604s ]
NOTIC: [8192] mysql_connect(): The mysql extension is deprecated and will be removed in the future: use mysqli or PDO instead /Applications/MAMP/htdocs/yemao/ThinkPHP/Lib/Driver/Db/DbMysql.class.php 第 55 行.
SQL: SHOW COLUMNS FROM `member` [ RunTime:0.001663s ]
NOTIC: [8192] preg_replace(): The /e modifier is deprecated, use preg_replace_callback instead /Applications/MAMP/htdocs/yemao/ThinkPHP/Lib/Core/Db.class.php 第 605 行.
SQL: SELECT * FROM `member` WHERE ( `password` = 'EFAF@' ) LIMIT 1   [ RunTime:0.000396s ]
SQL: SHOW COLUMNS FROM `member_account` [ RunTime:0.000997s ]
NOTIC: [8192] preg_replace(): The /e modifier is deprecated, use preg_replace_callback instead /Applications/MAMP/htdocs/yemao/ThinkPHP/Lib/Core/Db.class.php 第 605 行.
SQL: SELECT * FROM `member_account` WHERE ( `member_id` = 12 ) LIMIT 1   [ RunTime:0.000243s ]

[ 2017-03-16T16:53:43+08:00 ] 0.0.0.0 /yemao/index.php?m=Index&a=login
INFO: [ app_begin ] --START--
INFO: ReadHtmlCache Behavior ::run [ RunTime:0.000435s ]
INFO: [ app_begin ] --END-- [ RunTime:0.000517s ]
NOTIC: [8192] mysql_connect(): The mysql extension is deprecated and will be removed in the future: use mysqli or PDO instead /Applications/MAMP/htdocs/yemao/ThinkPHP/Lib/Driver/Db/DbMysql.class.php 第 55 行.
SQL: SHOW COLUMNS FROM `member` [ RunTime:0.009556s ]
NOTIC: [8192] preg_replace(): The /e modifier is deprecated, use preg_replace_callback instead /Applications/MAMP/htdocs/yemao/ThinkPHP/Lib/Core/Db.class.php 第 605 行.
SQL: SELECT * FROM `member` WHERE ( `password` = 'EFAF@' ) LIMIT 1   [ RunTime:0.000641s ]
SQL: SHOW COLUMNS FROM `member_account` [ RunTime:0.001695s ]
NOTIC: [8192] preg_replace(): The /e modifier is deprecated, use preg_replace_callback instead /Applications/MAMP/htdocs/yemao/ThinkPHP/Lib/Core/Db.class.php 第 605 行.
SQL: SELECT * FROM `member_account` WHERE ( `member_id` = 12 ) LIMIT 1   [ RunTime:0.001056s ]

[ 2017-03-16T16:54:27+08:00 ] 0.0.0.0 /yemao/index.php?m=Index&a=login
INFO: [ app_begin ] --START--
INFO: ReadHtmlCache Behavior ::run [ RunTime:0.000655s ]
INFO: [ app_begin ] --END-- [ RunTime:0.000868s ]
NOTIC: [8192] mysql_connect(): The mysql extension is deprecated and will be removed in the future: use mysqli or PDO instead /Applications/MAMP/htdocs/yemao/ThinkPHP/Lib/Driver/Db/DbMysql.class.php 第 55 行.
SQL: SHOW COLUMNS FROM `member` [ RunTime:0.002055s ]
NOTIC: [8192] preg_replace(): The /e modifier is deprecated, use preg_replace_callback instead /Applications/MAMP/htdocs/yemao/ThinkPHP/Lib/Core/Db.class.php 第 605 行.
SQL: SELECT * FROM `member` WHERE ( `password` = 'EFAF@' ) LIMIT 1   [ RunTime:0.000774s ]
SQL: SHOW COLUMNS FROM `member_account` [ RunTime:0.001672s ]
NOTIC: [8192] preg_replace(): The /e modifier is deprecated, use preg_replace_callback instead /Applications/MAMP/htdocs/yemao/ThinkPHP/Lib/Core/Db.class.php 第 605 行.
SQL: SELECT * FROM `member_account` WHERE ( `member_id` = 12 ) LIMIT 1   [ RunTime:0.000260s ]

[ 2017-03-16T16:55:14+08:00 ] 0.0.0.0 /yemao/index.php?m=Index&a=login
INFO: [ app_begin ] --START--
INFO: ReadHtmlCache Behavior ::run [ RunTime:0.000870s ]
INFO: [ app_begin ] --END-- [ RunTime:0.000980s ]
NOTIC: [8192] mysql_connect(): The mysql extension is deprecated and will be removed in the future: use mysqli or PDO instead /Applications/MAMP/htdocs/yemao/ThinkPHP/Lib/Driver/Db/DbMysql.class.php 第 55 行.
SQL: SHOW COLUMNS FROM `member` [ RunTime:0.001457s ]
NOTIC: [8192] preg_replace(): The /e modifier is deprecated, use preg_replace_callback instead /Applications/MAMP/htdocs/yemao/ThinkPHP/Lib/Core/Db.class.php 第 605 行.
SQL: SELECT * FROM `member` WHERE ( `password` = 'EFAF@' ) LIMIT 1   [ RunTime:0.001170s ]
SQL: SHOW COLUMNS FROM `member_account` [ RunTime:0.002854s ]
NOTIC: [8192] preg_replace(): The /e modifier is deprecated, use preg_replace_callback instead /Applications/MAMP/htdocs/yemao/ThinkPHP/Lib/Core/Db.class.php 第 605 行.
SQL: SELECT * FROM `member_account` WHERE ( `member_id` = 12 ) LIMIT 1   [ RunTime:0.000307s ]

[ 2017-03-16T16:55:17+08:00 ] 0.0.0.0 /yemao/index.php?m=Index&a=login
INFO: [ app_begin ] --START--
INFO: ReadHtmlCache Behavior ::run [ RunTime:0.000416s ]
INFO: [ app_begin ] --END-- [ RunTime:0.000493s ]
NOTIC: [8192] mysql_connect(): The mysql extension is deprecated and will be removed in the future: use mysqli or PDO instead /Applications/MAMP/htdocs/yemao/ThinkPHP/Lib/Driver/Db/DbMysql.class.php 第 55 行.
SQL: SHOW COLUMNS FROM `member` [ RunTime:0.002033s ]
NOTIC: [8192] preg_replace(): The /e modifier is deprecated, use preg_replace_callback instead /Applications/MAMP/htdocs/yemao/ThinkPHP/Lib/Core/Db.class.php 第 605 行.
SQL: SELECT * FROM `member` WHERE ( `password` = 'EFAF@' ) LIMIT 1   [ RunTime:0.000384s ]
SQL: SHOW COLUMNS FROM `member_account` [ RunTime:0.001760s ]
NOTIC: [8192] preg_replace(): The /e modifier is deprecated, use preg_replace_callback instead /Applications/MAMP/htdocs/yemao/ThinkPHP/Lib/Core/Db.class.php 第 605 行.
SQL: SELECT * FROM `member_account` WHERE ( `member_id` = 12 ) LIMIT 1   [ RunTime:0.000925s ]

[ 2017-03-16T17:33:54+08:00 ] 0.0.0.0 /yemao/index.php?m=Index&a=goods_lists
INFO: [ app_begin ] --START--
INFO: ReadHtmlCache Behavior ::run [ RunTime:0.001102s ]
INFO: [ app_begin ] --END-- [ RunTime:0.001260s ]
NOTIC: [8] Undefined index: pageIndex /Applications/MAMP/htdocs/yemao/Index/Lib/Action/IndexAction.class.php 第 61 行.
NOTIC: [8192] mysql_connect(): The mysql extension is deprecated and will be removed in the future: use mysqli or PDO instead /Applications/MAMP/htdocs/yemao/ThinkPHP/Lib/Driver/Db/DbMysql.class.php 第 55 行.
SQL: SHOW COLUMNS FROM `goods` [ RunTime:0.001640s ]
NOTIC: [8192] preg_replace(): The /e modifier is deprecated, use preg_replace_callback instead /Applications/MAMP/htdocs/yemao/ThinkPHP/Lib/Core/Db.class.php 第 605 行.
SQL: SELECT * FROM `goods` WHERE ( `goods_id` = 0 ) LIMIT 1   [ RunTime:0.000570s ]
NOTIC: [8192] preg_replace(): The /e modifier is deprecated, use preg_replace_callback instead /Applications/MAMP/htdocs/yemao/ThinkPHP/Lib/Core/Db.class.php 第 605 行.
SQL: SELECT * FROM `goods` WHERE ( `goods_id` = 1 ) LIMIT 1   [ RunTime:0.000372s ]
NOTIC: [8192] preg_replace(): The /e modifier is deprecated, use preg_replace_callback instead /Applications/MAMP/htdocs/yemao/ThinkPHP/Lib/Core/Db.class.php 第 605 行.
SQL: SELECT * FROM `goods` WHERE ( `goods_id` = 2 ) LIMIT 1   [ RunTime:0.000364s ]
NOTIC: [8] Undefined index:  /Applications/MAMP/htdocs/yemao/Index/Lib/Action/IndexAction.class.php 第 70 行.
NOTIC: [8] Undefined index:  /Applications/MAMP/htdocs/yemao/Index/Lib/Action/IndexAction.class.php 第 71 行.
NOTIC: [8] Undefined index:  /Applications/MAMP/htdocs/yemao/Index/Lib/Action/IndexAction.class.php 第 72 行.
NOTIC: [8] Undefined index:  /Applications/MAMP/htdocs/yemao/Index/Lib/Action/IndexAction.class.php 第 73 行.
NOTIC: [8] Undefined index:  /Applications/MAMP/htdocs/yemao/Index/Lib/Action/IndexAction.class.php 第 74 行.
NOTIC: [8] Undefined index:  /Applications/MAMP/htdocs/yemao/Index/Lib/Action/IndexAction.class.php 第 75 行.
NOTIC: [8] Undefined index:  /Applications/MAMP/htdocs/yemao/Index/Lib/Action/IndexAction.class.php 第 76 行.
NOTIC: [8] Undefined index:  /Applications/MAMP/htdocs/yemao/Index/Lib/Action/IndexAction.class.php 第 77 行.
NOTIC: [8192] preg_replace(): The /e modifier is deprecated, use preg_replace_callback instead /Applications/MAMP/htdocs/yemao/ThinkPHP/Lib/Core/Db.class.php 第 605 行.
SQL: SELECT * FROM `goods` WHERE ( `goods_id` = 3 ) LIMIT 1   [ RunTime:0.000407s ]
NOTIC: [8] Undefined index:  /Applications/MAMP/htdocs/yemao/Index/Lib/Action/IndexAction.class.php 第 70 行.
NOTIC: [8] Undefined index:  /Applications/MAMP/htdocs/yemao/Index/Lib/Action/IndexAction.class.php 第 71 行.
NOTIC: [8] Undefined index:  /Applications/MAMP/htdocs/yemao/Index/Lib/Action/IndexAction.class.php 第 72 行.
NOTIC: [8] Undefined index:  /Applications/MAMP/htdocs/yemao/Index/Lib/Action/IndexAction.class.php 第 73 行.
NOTIC: [8] Undefined index:  /Applications/MAMP/htdocs/yemao/Index/Lib/Action/IndexAction.class.php 第 74 行.
NOTIC: [8] Undefined index:  /Applications/MAMP/htdocs/yemao/Index/Lib/Action/IndexAction.class.php 第 75 行.
NOTIC: [8] Undefined index:  /Applications/MAMP/htdocs/yemao/Index/Lib/Action/IndexAction.class.php 第 76 行.
NOTIC: [8] Undefined index:  /Applications/MAMP/htdocs/yemao/Index/Lib/Action/IndexAction.class.php 第 77 行.
NOTIC: [8192] preg_replace(): The /e modifier is deprecated, use preg_replace_callback instead /Applications/MAMP/htdocs/yemao/ThinkPHP/Lib/Core/Db.class.php 第 605 行.
SQL: SELECT * FROM `goods` WHERE ( `goods_id` = 4 ) LIMIT 1   [ RunTime:0.000923s ]
NOTIC: [8] Undefined index:  /Applications/MAMP/htdocs/yemao/Index/Lib/Action/IndexAction.class.php 第 70 行.
NOTIC: [8] Undefined index:  /Applications/MAMP/htdocs/yemao/Index/Lib/Action/IndexAction.class.php 第 71 行.
NOTIC: [8] Undefined index:  /Applications/MAMP/htdocs/yemao/Index/Lib/Action/IndexAction.class.php 第 72 行.
NOTIC: [8] Undefined index:  /Applications/MAMP/htdocs/yemao/Index/Lib/Action/IndexAction.class.php 第 73 行.
NOTIC: [8] Undefined index:  /Applications/MAMP/htdocs/yemao/Index/Lib/Action/IndexAction.class.php 第 74 行.
NOTIC: [8] Undefined index:  /Applications/MAMP/htdocs/yemao/Index/Lib/Action/IndexAction.class.php 第 75 行.
NOTIC: [8] Undefined index:  /Applications/MAMP/htdocs/yemao/Index/Lib/Action/IndexAction.class.php 第 76 行.
NOTIC: [8] Undefined index:  /Applications/MAMP/htdocs/yemao/Index/Lib/Action/IndexAction.class.php 第 77 行.
NOTIC: [8192] preg_replace(): The /e modifier is deprecated, use preg_replace_callback instead /Applications/MAMP/htdocs/yemao/ThinkPHP/Lib/Core/Db.class.php 第 605 行.
SQL: SELECT * FROM `goods` WHERE ( `goods_id` = 5 ) LIMIT 1   [ RunTime:0.001281s ]
NOTIC: [8] Undefined index:  /Applications/MAMP/htdocs/yemao/Index/Lib/Action/IndexAction.class.php 第 70 行.
NOTIC: [8] Undefined index:  /Applications/MAMP/htdocs/yemao/Index/Lib/Action/IndexAction.class.php 第 71 行.
NOTIC: [8] Undefined index:  /Applications/MAMP/htdocs/yemao/Index/Lib/Action/IndexAction.class.php 第 72 行.
NOTIC: [8] Undefined index:  /Applications/MAMP/htdocs/yemao/Index/Lib/Action/IndexAction.class.php 第 73 行.
NOTIC: [8] Undefined index:  /Applications/MAMP/htdocs/yemao/Index/Lib/Action/IndexAction.class.php 第 74 行.
NOTIC: [8] Undefined index:  /Applications/MAMP/htdocs/yemao/Index/Lib/Action/IndexAction.class.php 第 75 行.
NOTIC: [8] Undefined index:  /Applications/MAMP/htdocs/yemao/Index/Lib/Action/IndexAction.class.php 第 76 行.
NOTIC: [8] Undefined index:  /Applications/MAMP/htdocs/yemao/Index/Lib/Action/IndexAction.class.php 第 77 行.
NOTIC: [8192] preg_replace(): The /e modifier is deprecated, use preg_replace_callback instead /Applications/MAMP/htdocs/yemao/ThinkPHP/Lib/Core/Db.class.php 第 605 行.
SQL: SELECT * FROM `goods` WHERE ( `goods_id` = 6 ) LIMIT 1   [ RunTime:0.000537s ]
NOTIC: [8] Undefined index:  /Applications/MAMP/htdocs/yemao/Index/Lib/Action/IndexAction.class.php 第 70 行.
NOTIC: [8] Undefined index:  /Applications/MAMP/htdocs/yemao/Index/Lib/Action/IndexAction.class.php 第 71 行.
NOTIC: [8] Undefined index:  /Applications/MAMP/htdocs/yemao/Index/Lib/Action/IndexAction.class.php 第 72 行.
NOTIC: [8] Undefined index:  /Applications/MAMP/htdocs/yemao/Index/Lib/Action/IndexAction.class.php 第 73 行.
NOTIC: [8] Undefined index:  /Applications/MAMP/htdocs/yemao/Index/Lib/Action/IndexAction.class.php 第 74 行.
NOTIC: [8] Undefined index:  /Applications/MAMP/htdocs/yemao/Index/Lib/Action/IndexAction.class.php 第 75 行.
NOTIC: [8] Undefined index:  /Applications/MAMP/htdocs/yemao/Index/Lib/Action/IndexAction.class.php 第 76 行.
NOTIC: [8] Undefined index:  /Applications/MAMP/htdocs/yemao/Index/Lib/Action/IndexAction.class.php 第 77 行.
NOTIC: [8192] preg_replace(): The /e modifier is deprecated, use preg_replace_callback instead /Applications/MAMP/htdocs/yemao/ThinkPHP/Lib/Core/Db.class.php 第 605 行.
SQL: SELECT * FROM `goods` WHERE ( `goods_id` = 7 ) LIMIT 1   [ RunTime:0.000298s ]
NOTIC: [8] Undefined index:  /Applications/MAMP/htdocs/yemao/Index/Lib/Action/IndexAction.class.php 第 70 行.
NOTIC: [8] Undefined index:  /Applications/MAMP/htdocs/yemao/Index/Lib/Action/IndexAction.class.php 第 71 行.
NOTIC: [8] Undefined index:  /Applications/MAMP/htdocs/yemao/Index/Lib/Action/IndexAction.class.php 第 72 行.
NOTIC: [8] Undefined index:  /Applications/MAMP/htdocs/yemao/Index/Lib/Action/IndexAction.class.php 第 73 行.
NOTIC: [8] Undefined index:  /Applications/MAMP/htdocs/yemao/Index/Lib/Action/IndexAction.class.php 第 74 行.
NOTIC: [8] Undefined index:  /Applications/MAMP/htdocs/yemao/Index/Lib/Action/IndexAction.class.php 第 75 行.
NOTIC: [8] Undefined index:  /Applications/MAMP/htdocs/yemao/Index/Lib/Action/IndexAction.class.php 第 76 行.
NOTIC: [8] Undefined index:  /Applications/MAMP/htdocs/yemao/Index/Lib/Action/IndexAction.class.php 第 77 行.
NOTIC: [8192] preg_replace(): The /e modifier is deprecated, use preg_replace_callback instead /Applications/MAMP/htdocs/yemao/ThinkPHP/Lib/Core/Db.class.php 第 605 行.
SQL: SELECT * FROM `goods` WHERE ( `goods_id` = 8 ) LIMIT 1   [ RunTime:0.000234s ]
NOTIC: [8192] preg_replace(): The /e modifier is deprecated, use preg_replace_callback instead /Applications/MAMP/htdocs/yemao/ThinkPHP/Lib/Core/Db.class.php 第 605 行.
SQL: SELECT * FROM `goods` WHERE ( `goods_id` = 9 ) LIMIT 1   [ RunTime:0.000240s ]
NOTIC: [8] Undefined index:  /Applications/MAMP/htdocs/yemao/Index/Lib/Action/IndexAction.class.php 第 70 行.
NOTIC: [8] Undefined index:  /Applications/MAMP/htdocs/yemao/Index/Lib/Action/IndexAction.class.php 第 71 行.
NOTIC: [8] Undefined index:  /Applications/MAMP/htdocs/yemao/Index/Lib/Action/IndexAction.class.php 第 72 行.
NOTIC: [8] Undefined index:  /Applications/MAMP/htdocs/yemao/Index/Lib/Action/IndexAction.class.php 第 73 行.
NOTIC: [8] Undefined index:  /Applications/MAMP/htdocs/yemao/Index/Lib/Action/IndexAction.class.php 第 74 行.
NOTIC: [8] Undefined index:  /Applications/MAMP/htdocs/yemao/Index/Lib/Action/IndexAction.class.php 第 75 行.
NOTIC: [8] Undefined index:  /Applications/MAMP/htdocs/yemao/Index/Lib/Action/IndexAction.class.php 第 76 行.
NOTIC: [8] Undefined index:  /Applications/MAMP/htdocs/yemao/Index/Lib/Action/IndexAction.class.php 第 77 行.

[ 2017-03-16T17:38:16+08:00 ] 0.0.0.0 /yemao/index.php?m=Index&a=goods_lists
INFO: [ app_begin ] --START--
INFO: ReadHtmlCache Behavior ::run [ RunTime:0.001031s ]
INFO: [ app_begin ] --END-- [ RunTime:0.001235s ]
NOTIC: [8] Undefined index: pageIndex /Applications/MAMP/htdocs/yemao/Index/Lib/Action/IndexAction.class.php 第 61 行.
NOTIC: [8192] mysql_connect(): The mysql extension is deprecated and will be removed in the future: use mysqli or PDO instead /Applications/MAMP/htdocs/yemao/ThinkPHP/Lib/Driver/Db/DbMysql.class.php 第 55 行.
SQL: SHOW COLUMNS FROM `goods` [ RunTime:0.004531s ]
NOTIC: [8192] preg_replace(): The /e modifier is deprecated, use preg_replace_callback instead /Applications/MAMP/htdocs/yemao/ThinkPHP/Lib/Core/Db.class.php 第 605 行.
SQL: SELECT * FROM `goods` WHERE ( `goods_id` = 0 ) LIMIT 1   [ RunTime:0.001671s ]
NOTIC: [8192] preg_replace(): The /e modifier is deprecated, use preg_replace_callback instead /Applications/MAMP/htdocs/yemao/ThinkPHP/Lib/Core/Db.class.php 第 605 行.
SQL: SELECT * FROM `goods` WHERE ( `goods_id` = 1 ) LIMIT 1   [ RunTime:0.000356s ]
NOTIC: [8192] preg_replace(): The /e modifier is deprecated, use preg_replace_callback instead /Applications/MAMP/htdocs/yemao/ThinkPHP/Lib/Core/Db.class.php 第 605 行.
SQL: SELECT * FROM `goods` WHERE ( `goods_id` = 2 ) LIMIT 1   [ RunTime:0.000334s ]
NOTIC: [8192] preg_replace(): The /e modifier is deprecated, use preg_replace_callback instead /Applications/MAMP/htdocs/yemao/ThinkPHP/Lib/Core/Db.class.php 第 605 行.
SQL: SELECT * FROM `goods` WHERE ( `goods_id` = 3 ) LIMIT 1   [ RunTime:0.000438s ]
NOTIC: [8192] preg_replace(): The /e modifier is deprecated, use preg_replace_callback instead /Applications/MAMP/htdocs/yemao/ThinkPHP/Lib/Core/Db.class.php 第 605 行.
SQL: SELECT * FROM `goods` WHERE ( `goods_id` = 4 ) LIMIT 1   [ RunTime:0.003962s ]
NOTIC: [8192] preg_replace(): The /e modifier is deprecated, use preg_replace_callback instead /Applications/MAMP/htdocs/yemao/ThinkPHP/Lib/Core/Db.class.php 第 605 行.
SQL: SELECT * FROM `goods` WHERE ( `goods_id` = 5 ) LIMIT 1   [ RunTime:0.000567s ]
NOTIC: [8192] preg_replace(): The /e modifier is deprecated, use preg_replace_callback instead /Applications/MAMP/htdocs/yemao/ThinkPHP/Lib/Core/Db.class.php 第 605 行.
SQL: SELECT * FROM `goods` WHERE ( `goods_id` = 6 ) LIMIT 1   [ RunTime:0.000442s ]
NOTIC: [8192] preg_replace(): The /e modifier is deprecated, use preg_replace_callback instead /Applications/MAMP/htdocs/yemao/ThinkPHP/Lib/Core/Db.class.php 第 605 行.
SQL: SELECT * FROM `goods` WHERE ( `goods_id` = 7 ) LIMIT 1   [ RunTime:0.000435s ]
NOTIC: [8192] preg_replace(): The /e modifier is deprecated, use preg_replace_callback instead /Applications/MAMP/htdocs/yemao/ThinkPHP/Lib/Core/Db.class.php 第 605 行.
SQL: SELECT * FROM `goods` WHERE ( `goods_id` = 8 ) LIMIT 1   [ RunTime:0.002934s ]
NOTIC: [8192] preg_replace(): The /e modifier is deprecated, use preg_replace_callback instead /Applications/MAMP/htdocs/yemao/ThinkPHP/Lib/Core/Db.class.php 第 605 行.
SQL: SELECT * FROM `goods` WHERE ( `goods_id` = 9 ) LIMIT 1   [ RunTime:0.000400s ]

[ 2017-03-16T17:51:25+08:00 ] 0.0.0.0 /yemao/index.php?m=Index&a=category
INFO: [ app_begin ] --START--
INFO: ReadHtmlCache Behavior ::run [ RunTime:0.001595s ]
INFO: [ app_begin ] --END-- [ RunTime:0.001921s ]
NOTIC: [8192] mysql_connect(): The mysql extension is deprecated and will be removed in the future: use mysqli or PDO instead /Applications/MAMP/htdocs/yemao/ThinkPHP/Lib/Driver/Db/DbMysql.class.php 第 55 行.
SQL: SHOW COLUMNS FROM `goods_type` [ RunTime:0.001158s ]
NOTIC: [8192] preg_replace(): The /e modifier is deprecated, use preg_replace_callback instead /Applications/MAMP/htdocs/yemao/ThinkPHP/Lib/Core/Db.class.php 第 605 行.
SQL: SELECT * FROM `goods_type`  [ RunTime:0.001761s ]

[ 2017-03-16T17:59:30+08:00 ] 0.0.0.0 /yemao/index.php?m=Index&a=category
INFO: [ app_begin ] --START--
INFO: ReadHtmlCache Behavior ::run [ RunTime:0.001002s ]
INFO: [ app_begin ] --END-- [ RunTime:0.001160s ]
NOTIC: [8192] mysql_connect(): The mysql extension is deprecated and will be removed in the future: use mysqli or PDO instead /Applications/MAMP/htdocs/yemao/ThinkPHP/Lib/Driver/Db/DbMysql.class.php 第 55 行.
SQL: SHOW COLUMNS FROM `goods_type` [ RunTime:0.003689s ]
NOTIC: [8192] preg_replace(): The /e modifier is deprecated, use preg_replace_callback instead /Applications/MAMP/htdocs/yemao/ThinkPHP/Lib/Core/Db.class.php 第 605 行.
SQL: SELECT * FROM `goods_type`  [ RunTime:0.000807s ]

